This is pdfTeX, Version 3.14159265-2.6-1.40.17 (MiKTeX 2.9 64-bit) (preloaded format=pdflatex 2016.10.21)  4 DEC 2016 11:58
entering extended mode
**"C:/Users/Gemma/Documents/Entropy-Estimators/Project - Statistical Inference 
for Entropy.tex"

("C:/Users/Gemma/Documents/Entropy-Estimators/Project - Statistical Inference f
or Entropy.tex"
LaTeX2e <2016/03/31> patch level 3
Babel <3.9r> and hyphenation patterns for 75 language(s) loaded.
("C:\Program Files\MiKTeX 2.9\tex\latex\base\article.cls"
Document Class: article 2014/09/29 v1.4h Standard LaTeX document class
("C:\Program Files\MiKTeX 2.9\tex\latex\base\size10.clo"
File: size10.clo 2014/09/29 v1.4h Standard LaTeX file (size option)
)
\c@part=\count79
\c@section=\count80
\c@subsection=\count81
\c@subsubsection=\count82
\c@paragraph=\count83
\c@subparagraph=\count84
\c@figure=\count85
\c@table=\count86
\abovecaptionskip=\skip41
\belowcaptionskip=\skip42
\bibindent=\dimen102
)
("C:\Program Files\MiKTeX 2.9\tex\latex\base\inputenc.sty"
Package: inputenc 2015/03/17 v1.2c Input encoding file
\inpenc@prehook=\toks14
\inpenc@posthook=\toks15

("C:\Program Files\MiKTeX 2.9\tex\latex\base\utf8.def"
File: utf8.def 2016/02/28 v1.1s UTF-8 support for inputenc
Now handling font encoding OML ...
... no UTF-8 mapping file for font encoding OML
Now handling font encoding T1 ...
... processing UTF-8 mapping file for font encoding T1

("C:\Program Files\MiKTeX 2.9\tex\latex\base\t1enc.dfu"
File: t1enc.dfu 2016/02/28 v1.1s UTF-8 support for inputenc
   defining Unicode char U+00A0 (decimal 160)
   defining Unicode char U+00A1 (decimal 161)
   defining Unicode char U+00A3 (decimal 163)
   defining Unicode char U+00AB (decimal 171)
   defining Unicode char U+00AD (decimal 173)
   defining Unicode char U+00BB (decimal 187)
   defining Unicode char U+00BF (decimal 191)
   defining Unicode char U+00C0 (decimal 192)
   defining Unicode char U+00C1 (decimal 193)
   defining Unicode char U+00C2 (decimal 194)
   defining Unicode char U+00C3 (decimal 195)
   defining Unicode char U+00C4 (decimal 196)
   defining Unicode char U+00C5 (decimal 197)
   defining Unicode char U+00C6 (decimal 198)
   defining Unicode char U+00C7 (decimal 199)
   defining Unicode char U+00C8 (decimal 200)
   defining Unicode char U+00C9 (decimal 201)
   defining Unicode char U+00CA (decimal 202)
   defining Unicode char U+00CB (decimal 203)
   defining Unicode char U+00CC (decimal 204)
   defining Unicode char U+00CD (decimal 205)
   defining Unicode char U+00CE (decimal 206)
   defining Unicode char U+00CF (decimal 207)
   defining Unicode char U+00D0 (decimal 208)
   defining Unicode char U+00D1 (decimal 209)
   defining Unicode char U+00D2 (decimal 210)
   defining Unicode char U+00D3 (decimal 211)
   defining Unicode char U+00D4 (decimal 212)
   defining Unicode char U+00D5 (decimal 213)
   defining Unicode char U+00D6 (decimal 214)
   defining Unicode char U+00D8 (decimal 216)
   defining Unicode char U+00D9 (decimal 217)
   defining Unicode char U+00DA (decimal 218)
   defining Unicode char U+00DB (decimal 219)
   defining Unicode char U+00DC (decimal 220)
   defining Unicode char U+00DD (decimal 221)
   defining Unicode char U+00DE (decimal 222)
   defining Unicode char U+00DF (decimal 223)
   defining Unicode char U+00E0 (decimal 224)
   defining Unicode char U+00E1 (decimal 225)
   defining Unicode char U+00E2 (decimal 226)
   defining Unicode char U+00E3 (decimal 227)
   defining Unicode char U+00E4 (decimal 228)
   defining Unicode char U+00E5 (decimal 229)
   defining Unicode char U+00E6 (decimal 230)
   defining Unicode char U+00E7 (decimal 231)
   defining Unicode char U+00E8 (decimal 232)
   defining Unicode char U+00E9 (decimal 233)
   defining Unicode char U+00EA (decimal 234)
   defining Unicode char U+00EB (decimal 235)
   defining Unicode char U+00EC (decimal 236)
   defining Unicode char U+00ED (decimal 237)
   defining Unicode char U+00EE (decimal 238)
   defining Unicode char U+00EF (decimal 239)
   defining Unicode char U+00F0 (decimal 240)
   defining Unicode char U+00F1 (decimal 241)
   defining Unicode char U+00F2 (decimal 242)
   defining Unicode char U+00F3 (decimal 243)
   defining Unicode char U+00F4 (decimal 244)
   defining Unicode char U+00F5 (decimal 245)
   defining Unicode char U+00F6 (decimal 246)
   defining Unicode char U+00F8 (decimal 248)
   defining Unicode char U+00F9 (decimal 249)
   defining Unicode char U+00FA (decimal 250)
   defining Unicode char U+00FB (decimal 251)
   defining Unicode char U+00FC (decimal 252)
   defining Unicode char U+00FD (decimal 253)
   defining Unicode char U+00FE (decimal 254)
   defining Unicode char U+00FF (decimal 255)
   defining Unicode char U+0100 (decimal 256)
   defining Unicode char U+0101 (decimal 257)
   defining Unicode char U+0102 (decimal 258)
   defining Unicode char U+0103 (decimal 259)
   defining Unicode char U+0104 (decimal 260)
   defining Unicode char U+0105 (decimal 261)
   defining Unicode char U+0106 (decimal 262)
   defining Unicode char U+0107 (decimal 263)
   defining Unicode char U+0108 (decimal 264)
   defining Unicode char U+0109 (decimal 265)
   defining Unicode char U+010A (decimal 266)
   defining Unicode char U+010B (decimal 267)
   defining Unicode char U+010C (decimal 268)
   defining Unicode char U+010D (decimal 269)
   defining Unicode char U+010E (decimal 270)
   defining Unicode char U+010F (decimal 271)
   defining Unicode char U+0110 (decimal 272)
   defining Unicode char U+0111 (decimal 273)
   defining Unicode char U+0112 (decimal 274)
   defining Unicode char U+0113 (decimal 275)
   defining Unicode char U+0114 (decimal 276)
   defining Unicode char U+0115 (decimal 277)
   defining Unicode char U+0116 (decimal 278)
   defining Unicode char U+0117 (decimal 279)
   defining Unicode char U+0118 (decimal 280)
   defining Unicode char U+0119 (decimal 281)
   defining Unicode char U+011A (decimal 282)
   defining Unicode char U+011B (decimal 283)
   defining Unicode char U+011C (decimal 284)
   defining Unicode char U+011D (decimal 285)
   defining Unicode char U+011E (decimal 286)
   defining Unicode char U+011F (decimal 287)
   defining Unicode char U+0120 (decimal 288)
   defining Unicode char U+0121 (decimal 289)
   defining Unicode char U+0122 (decimal 290)
   defining Unicode char U+0123 (decimal 291)
   defining Unicode char U+0124 (decimal 292)
   defining Unicode char U+0125 (decimal 293)
   defining Unicode char U+0128 (decimal 296)
   defining Unicode char U+0129 (decimal 297)
   defining Unicode char U+012A (decimal 298)
   defining Unicode char U+012B (decimal 299)
   defining Unicode char U+012C (decimal 300)
   defining Unicode char U+012D (decimal 301)
   defining Unicode char U+012E (decimal 302)
   defining Unicode char U+012F (decimal 303)
   defining Unicode char U+0130 (decimal 304)
   defining Unicode char U+0131 (decimal 305)
   defining Unicode char U+0132 (decimal 306)
   defining Unicode char U+0133 (decimal 307)
   defining Unicode char U+0134 (decimal 308)
   defining Unicode char U+0135 (decimal 309)
   defining Unicode char U+0136 (decimal 310)
   defining Unicode char U+0137 (decimal 311)
   defining Unicode char U+0139 (decimal 313)
   defining Unicode char U+013A (decimal 314)
   defining Unicode char U+013B (decimal 315)
   defining Unicode char U+013C (decimal 316)
   defining Unicode char U+013D (decimal 317)
   defining Unicode char U+013E (decimal 318)
   defining Unicode char U+0141 (decimal 321)
   defining Unicode char U+0142 (decimal 322)
   defining Unicode char U+0143 (decimal 323)
   defining Unicode char U+0144 (decimal 324)
   defining Unicode char U+0145 (decimal 325)
   defining Unicode char U+0146 (decimal 326)
   defining Unicode char U+0147 (decimal 327)
   defining Unicode char U+0148 (decimal 328)
   defining Unicode char U+014A (decimal 330)
   defining Unicode char U+014B (decimal 331)
   defining Unicode char U+014C (decimal 332)
   defining Unicode char U+014D (decimal 333)
   defining Unicode char U+014E (decimal 334)
   defining Unicode char U+014F (decimal 335)
   defining Unicode char U+0150 (decimal 336)
   defining Unicode char U+0151 (decimal 337)
   defining Unicode char U+0152 (decimal 338)
   defining Unicode char U+0153 (decimal 339)
   defining Unicode char U+0154 (decimal 340)
   defining Unicode char U+0155 (decimal 341)
   defining Unicode char U+0156 (decimal 342)
   defining Unicode char U+0157 (decimal 343)
   defining Unicode char U+0158 (decimal 344)
   defining Unicode char U+0159 (decimal 345)
   defining Unicode char U+015A (decimal 346)
   defining Unicode char U+015B (decimal 347)
   defining Unicode char U+015C (decimal 348)
   defining Unicode char U+015D (decimal 349)
   defining Unicode char U+015E (decimal 350)
   defining Unicode char U+015F (decimal 351)
   defining Unicode char U+0160 (decimal 352)
   defining Unicode char U+0161 (decimal 353)
   defining Unicode char U+0162 (decimal 354)
   defining Unicode char U+0163 (decimal 355)
   defining Unicode char U+0164 (decimal 356)
   defining Unicode char U+0165 (decimal 357)
   defining Unicode char U+0168 (decimal 360)
   defining Unicode char U+0169 (decimal 361)
   defining Unicode char U+016A (decimal 362)
   defining Unicode char U+016B (decimal 363)
   defining Unicode char U+016C (decimal 364)
   defining Unicode char U+016D (decimal 365)
   defining Unicode char U+016E (decimal 366)
   defining Unicode char U+016F (decimal 367)
   defining Unicode char U+0170 (decimal 368)
   defining Unicode char U+0171 (decimal 369)
   defining Unicode char U+0172 (decimal 370)
   defining Unicode char U+0173 (decimal 371)
   defining Unicode char U+0174 (decimal 372)
   defining Unicode char U+0175 (decimal 373)
   defining Unicode char U+0176 (decimal 374)
   defining Unicode char U+0177 (decimal 375)
   defining Unicode char U+0178 (decimal 376)
   defining Unicode char U+0179 (decimal 377)
   defining Unicode char U+017A (decimal 378)
   defining Unicode char U+017B (decimal 379)
   defining Unicode char U+017C (decimal 380)
   defining Unicode char U+017D (decimal 381)
   defining Unicode char U+017E (decimal 382)
   defining Unicode char U+01CD (decimal 461)
   defining Unicode char U+01CE (decimal 462)
   defining Unicode char U+01CF (decimal 463)
   defining Unicode char U+01D0 (decimal 464)
   defining Unicode char U+01D1 (decimal 465)
   defining Unicode char U+01D2 (decimal 466)
   defining Unicode char U+01D3 (decimal 467)
   defining Unicode char U+01D4 (decimal 468)
   defining Unicode char U+01E2 (decimal 482)
   defining Unicode char U+01E3 (decimal 483)
   defining Unicode char U+01E6 (decimal 486)
   defining Unicode char U+01E7 (decimal 487)
   defining Unicode char U+01E8 (decimal 488)
   defining Unicode char U+01E9 (decimal 489)
   defining Unicode char U+01EA (decimal 490)
   defining Unicode char U+01EB (decimal 491)
   defining Unicode char U+01F0 (decimal 496)
   defining Unicode char U+01F4 (decimal 500)
   defining Unicode char U+01F5 (decimal 501)
   defining Unicode char U+0218 (decimal 536)
   defining Unicode char U+0219 (decimal 537)
   defining Unicode char U+021A (decimal 538)
   defining Unicode char U+021B (decimal 539)
   defining Unicode char U+1E02 (decimal 7682)
   defining Unicode char U+1E03 (decimal 7683)
   defining Unicode char U+200C (decimal 8204)
   defining Unicode char U+2010 (decimal 8208)
   defining Unicode char U+2011 (decimal 8209)
   defining Unicode char U+2012 (decimal 8210)
   defining Unicode char U+2013 (decimal 8211)
   defining Unicode char U+2014 (decimal 8212)
   defining Unicode char U+2015 (decimal 8213)
   defining Unicode char U+2018 (decimal 8216)
   defining Unicode char U+2019 (decimal 8217)
   defining Unicode char U+201A (decimal 8218)
   defining Unicode char U+201C (decimal 8220)
   defining Unicode char U+201D (decimal 8221)
   defining Unicode char U+201E (decimal 8222)
   defining Unicode char U+2030 (decimal 8240)
   defining Unicode char U+2031 (decimal 8241)
   defining Unicode char U+2039 (decimal 8249)
   defining Unicode char U+203A (decimal 8250)
   defining Unicode char U+2423 (decimal 9251)
)
Now handling font encoding OT1 ...
... processing UTF-8 mapping file for font encoding OT1

("C:\Program Files\MiKTeX 2.9\tex\latex\base\ot1enc.dfu"
File: ot1enc.dfu 2016/02/28 v1.1s UTF-8 support for inputenc
   defining Unicode char U+00A0 (decimal 160)
   defining Unicode char U+00A1 (decimal 161)
   defining Unicode char U+00A3 (decimal 163)
   defining Unicode char U+00AD (decimal 173)
   defining Unicode char U+00B8 (decimal 184)
   defining Unicode char U+00BF (decimal 191)
   defining Unicode char U+00C5 (decimal 197)
   defining Unicode char U+00C6 (decimal 198)
   defining Unicode char U+00D8 (decimal 216)
   defining Unicode char U+00DF (decimal 223)
   defining Unicode char U+00E6 (decimal 230)
   defining Unicode char U+00EC (decimal 236)
   defining Unicode char U+00ED (decimal 237)
   defining Unicode char U+00EE (decimal 238)
   defining Unicode char U+00EF (decimal 239)
   defining Unicode char U+00F8 (decimal 248)
   defining Unicode char U+0131 (decimal 305)
   defining Unicode char U+0141 (decimal 321)
   defining Unicode char U+0142 (decimal 322)
   defining Unicode char U+0152 (decimal 338)
   defining Unicode char U+0153 (decimal 339)
   defining Unicode char U+0174 (decimal 372)
   defining Unicode char U+0175 (decimal 373)
   defining Unicode char U+0176 (decimal 374)
   defining Unicode char U+0177 (decimal 375)
   defining Unicode char U+0218 (decimal 536)
   defining Unicode char U+0219 (decimal 537)
   defining Unicode char U+021A (decimal 538)
   defining Unicode char U+021B (decimal 539)
   defining Unicode char U+2013 (decimal 8211)
   defining Unicode char U+2014 (decimal 8212)
   defining Unicode char U+2018 (decimal 8216)
   defining Unicode char U+2019 (decimal 8217)
   defining Unicode char U+201C (decimal 8220)
   defining Unicode char U+201D (decimal 8221)
)
Now handling font encoding OMS ...
... processing UTF-8 mapping file for font encoding OMS

("C:\Program Files\MiKTeX 2.9\tex\latex\base\omsenc.dfu"
File: omsenc.dfu 2016/02/28 v1.1s UTF-8 support for inputenc
   defining Unicode char U+00A7 (decimal 167)
   defining Unicode char U+00B6 (decimal 182)
   defining Unicode char U+00B7 (decimal 183)
   defining Unicode char U+2020 (decimal 8224)
   defining Unicode char U+2021 (decimal 8225)
   defining Unicode char U+2022 (decimal 8226)
)
Now handling font encoding OMX ...
... no UTF-8 mapping file for font encoding OMX
Now handling font encoding U ...
... no UTF-8 mapping file for font encoding U
   defining Unicode char U+00A9 (decimal 169)
   defining Unicode char U+00AA (decimal 170)
   defining Unicode char U+00AE (decimal 174)
   defining Unicode char U+00BA (decimal 186)
   defining Unicode char U+02C6 (decimal 710)
   defining Unicode char U+02DC (decimal 732)
   defining Unicode char U+200C (decimal 8204)
   defining Unicode char U+2026 (decimal 8230)
   defining Unicode char U+2122 (decimal 8482)
   defining Unicode char U+2423 (decimal 9251)
))
("C:\Program Files\MiKTeX 2.9\tex\latex\amsmath\amsmath.sty"
Package: amsmath 2016/06/28 v2.15d AMS math features
\@mathmargin=\skip43

For additional information on amsmath, use the `?' option.
("C:\Program Files\MiKTeX 2.9\tex\latex\amsmath\amstext.sty"
Package: amstext 2000/06/29 v2.01 AMS text

("C:\Program Files\MiKTeX 2.9\tex\latex\amsmath\amsgen.sty"
File: amsgen.sty 1999/11/30 v2.0 generic functions
\@emptytoks=\toks16
\ex@=\dimen103
))
("C:\Program Files\MiKTeX 2.9\tex\latex\amsmath\amsbsy.sty"
Package: amsbsy 1999/11/29 v1.2d Bold Symbols
\pmbraise@=\dimen104
)
("C:\Program Files\MiKTeX 2.9\tex\latex\amsmath\amsopn.sty"
Package: amsopn 2016/03/08 v2.02 operator names
)
\inf@bad=\count87
LaTeX Info: Redefining \frac on input line 199.
\uproot@=\count88
\leftroot@=\count89
LaTeX Info: Redefining \overline on input line 297.
\classnum@=\count90
\DOTSCASE@=\count91
LaTeX Info: Redefining \ldots on input line 394.
LaTeX Info: Redefining \dots on input line 397.
LaTeX Info: Redefining \cdots on input line 518.
\Mathstrutbox@=\box26
\strutbox@=\box27
\big@size=\dimen105
LaTeX Font Info:    Redeclaring font encoding OML on input line 634.
LaTeX Font Info:    Redeclaring font encoding OMS on input line 635.
\macc@depth=\count92
\c@MaxMatrixCols=\count93
\dotsspace@=\muskip10
\c@parentequation=\count94
\dspbrk@lvl=\count95
\tag@help=\toks17
\row@=\count96
\column@=\count97
\maxfields@=\count98
\andhelp@=\toks18
\eqnshift@=\dimen106
\alignsep@=\dimen107
\tagshift@=\dimen108
\tagwidth@=\dimen109
\totwidth@=\dimen110
\lineht@=\dimen111
\@envbody=\toks19
\multlinegap=\skip44
\multlinetaggap=\skip45
\mathdisplay@stack=\toks20
LaTeX Info: Redefining \[ on input line 2739.
LaTeX Info: Redefining \] on input line 2740.
)
("C:\Program Files\MiKTeX 2.9\tex\latex\amsfonts\amsfonts.sty"
Package: amsfonts 2013/01/14 v3.01 Basic AMSFonts support
\symAMSa=\mathgroup4
\symAMSb=\mathgroup5
LaTeX Font Info:    Overwriting math alphabet `\mathfrak' in version `bold'
(Font)                  U/euf/m/n --> U/euf/b/n on input line 106.
)
("C:\Program Files\MiKTeX 2.9\tex\latex\graphics\graphicx.sty"
Package: graphicx 2014/10/28 v1.0g Enhanced LaTeX Graphics (DPC,SPQR)

("C:\Program Files\MiKTeX 2.9\tex\latex\graphics\keyval.sty"
Package: keyval 2014/10/28 v1.15 key=value parser (DPC)
\KV@toks@=\toks21
)
("C:\Program Files\MiKTeX 2.9\tex\latex\graphics\graphics.sty"
Package: graphics 2016/07/10 v1.0t Standard LaTeX Graphics (DPC,SPQR)

("C:\Program Files\MiKTeX 2.9\tex\latex\graphics\trig.sty"
Package: trig 2016/01/03 v1.10 sin cos tan (DPC)
)
("C:\Program Files\MiKTeX 2.9\tex\latex\00miktex\graphics.cfg"
File: graphics.cfg 2016/06/04 v1.11 sample graphics configuration
)
Package graphics Info: Driver file: pdftex.def on input line 99.

("C:\Program Files\MiKTeX 2.9\tex\latex\graphics-def\pdftex.def"
File: pdftex.def 2016/07/10 v0.06j Graphics/color for pdfTeX

("C:\Program Files\MiKTeX 2.9\tex\generic\oberdiek\infwarerr.sty"
Package: infwarerr 2016/05/16 v1.4 Providing info/warning/error messages (HO)
)
("C:\Program Files\MiKTeX 2.9\tex\generic\oberdiek\ltxcmds.sty"
Package: ltxcmds 2016/05/16 v1.23 LaTeX kernel commands for general use (HO)
)
\Gread@gobject=\count99
))
\Gin@req@height=\dimen112
\Gin@req@width=\dimen113
)
("C:\Program Files\MiKTeX 2.9\tex\latex\listings\listings.sty"
\lst@mode=\count100
\lst@gtempboxa=\box28
\lst@token=\toks22
\lst@length=\count101
\lst@currlwidth=\dimen114
\lst@column=\count102
\lst@pos=\count103
\lst@lostspace=\dimen115
\lst@width=\dimen116
\lst@newlines=\count104
\lst@lineno=\count105
\lst@maxwidth=\dimen117

("C:\Program Files\MiKTeX 2.9\tex\latex\listings\lstmisc.sty"
File: lstmisc.sty 2015/06/04 1.6 (Carsten Heinz)
\c@lstnumber=\count106
\lst@skipnumbers=\count107
\lst@framebox=\box29
)
("C:\Program Files\MiKTeX 2.9\tex\latex\listings\listings.cfg"
File: listings.cfg 2015/06/04 1.6 listings configuration
))
Package: listings 2015/06/04 1.6 (Carsten Heinz)

("C:\Program Files\MiKTeX 2.9\tex\latex\booktabs\booktabs.sty"
Package: booktabs 2005/04/14 v1.61803 publication quality tables
\heavyrulewidth=\dimen118
\lightrulewidth=\dimen119
\cmidrulewidth=\dimen120
\belowrulesep=\dimen121
\belowbottomsep=\dimen122
\aboverulesep=\dimen123
\abovetopsep=\dimen124
\cmidrulesep=\dimen125
\cmidrulekern=\dimen126
\defaultaddspace=\dimen127
\@cmidla=\count108
\@cmidlb=\count109
\@aboverulesep=\dimen128
\@belowrulesep=\dimen129
\@thisruleclass=\count110
\@lastruleclass=\count111
\@thisrulewidth=\dimen130
)
("C:\Program Files\MiKTeX 2.9\tex\latex\caption\caption.sty"
Package: caption 2016/02/21 v3.3-144 Customizing captions (AR)

("C:\Program Files\MiKTeX 2.9\tex\latex\caption\caption3.sty"
Package: caption3 2016/05/22 v1.7-166 caption3 kernel (AR)
Package caption3 Info: TeX engine: e-TeX on input line 67.
\captionmargin=\dimen131
\captionmargin@=\dimen132
\captionwidth=\dimen133
\caption@tempdima=\dimen134
\caption@indent=\dimen135
\caption@parindent=\dimen136
\caption@hangindent=\dimen137
)
\c@ContinuedFloat=\count112
Package caption Info: listings package is loaded.
)
\c@theorem=\count113
\c@remark=\count114

No file "Project - Statistical Inference for Entropy".aux.
\openout1 = `"Project - Statistical Inference for Entropy.aux"'.

LaTeX Font Info:    Checking defaults for OML/cmm/m/it on input line 13.
LaTeX Font Info:    ... okay on input line 13.
LaTeX Font Info:    Checking defaults for T1/cmr/m/n on input line 13.
LaTeX Font Info:    ... okay on input line 13.
LaTeX Font Info:    Checking defaults for OT1/cmr/m/n on input line 13.
LaTeX Font Info:    ... okay on input line 13.
LaTeX Font Info:    Checking defaults for OMS/cmsy/m/n on input line 13.
LaTeX Font Info:    ... okay on input line 13.
LaTeX Font Info:    Checking defaults for OMX/cmex/m/n on input line 13.
LaTeX Font Info:    ... okay on input line 13.
LaTeX Font Info:    Checking defaults for U/cmr/m/n on input line 13.
LaTeX Font Info:    ... okay on input line 13.
("C:\Program Files\MiKTeX 2.9\tex\context\base\supp-pdf.mkii"
[Loading MPS to PDF converter (version 2006.09.02).]
\scratchcounter=\count115
\scratchdimen=\dimen138
\scratchbox=\box30
\nofMPsegments=\count116
\nofMParguments=\count117
\everyMPshowfont=\toks23
\MPscratchCnt=\count118
\MPscratchDim=\dimen139
\MPnumerator=\count119
\makeMPintoPDFobject=\count120
\everyMPtoPDFconversion=\toks24
) ("C:\Program Files\MiKTeX 2.9\tex\generic\oberdiek\pdftexcmds.sty"
Package: pdftexcmds 2016/05/21 v0.22 Utility functions of pdfTeX for LuaTeX (HO
)

("C:\Program Files\MiKTeX 2.9\tex\generic\oberdiek\ifluatex.sty"
Package: ifluatex 2016/05/16 v1.4 Provides the ifluatex switch (HO)
Package ifluatex Info: LuaTeX not detected.
)
("C:\Program Files\MiKTeX 2.9\tex\generic\oberdiek\ifpdf.sty"
Package: ifpdf 2016/05/14 v3.1 Provides the ifpdf switch
)
Package pdftexcmds Info: LuaTeX not detected.
Package pdftexcmds Info: \pdf@primitive is available.
Package pdftexcmds Info: \pdf@ifprimitive is available.
Package pdftexcmds Info: \pdfdraftmode found.
)
("C:\Program Files\MiKTeX 2.9\tex\latex\oberdiek\epstopdf-base.sty"
Package: epstopdf-base 2016/05/15 v2.6 Base part for package epstopdf

("C:\Program Files\MiKTeX 2.9\tex\latex\oberdiek\grfext.sty"
Package: grfext 2016/05/16 v1.2 Manage graphics extensions (HO)

("C:\Program Files\MiKTeX 2.9\tex\generic\oberdiek\kvdefinekeys.sty"
Package: kvdefinekeys 2016/05/16 v1.4 Define keys (HO)
))
("C:\Program Files\MiKTeX 2.9\tex\latex\oberdiek\kvoptions.sty"
Package: kvoptions 2016/05/16 v3.12 Key value format for package options (HO)

("C:\Program Files\MiKTeX 2.9\tex\generic\oberdiek\kvsetkeys.sty"
Package: kvsetkeys 2016/05/16 v1.17 Key value parser (HO)

("C:\Program Files\MiKTeX 2.9\tex\generic\oberdiek\etexcmds.sty"
Package: etexcmds 2016/05/16 v1.6 Avoid name clashes with e-TeX commands (HO)
Package etexcmds Info: Could not find \expanded.
(etexcmds)             That can mean that you are not using pdfTeX 1.50 or
(etexcmds)             that some package has redefined \expanded.
(etexcmds)             In the latter case, load this package earlier.
)))
Package epstopdf-base Info: Redefining graphics rule for `.eps' on input line 4
38.
Package grfext Info: Graphics extension search list:
(grfext)             [.png,.pdf,.jpg,.mps,.jpeg,.jbig2,.jb2,.PNG,.PDF,.JPG,.JPE
G,.JBIG2,.JB2,.eps]
(grfext)             \AppendGraphicsExtensions on input line 456.
)
\c@lstlisting=\count121
Package caption Info: Begin \AtBeginDocument code.
Package caption Info: End \AtBeginDocument code.
LaTeX Font Info:    Try loading font information for U+msa on input line 14.

("C:\Program Files\MiKTeX 2.9\tex\latex\amsfonts\umsa.fd"
File: umsa.fd 2013/01/14 v3.01 AMS symbols A
)
LaTeX Font Info:    Try loading font information for U+msb on input line 14.

("C:\Program Files\MiKTeX 2.9\tex\latex\amsfonts\umsb.fd"
File: umsb.fd 2013/01/14 v3.01 AMS symbols B
)

LaTeX Warning: Reference `ShaEnt' on page 1 undefined on input line 32.

[1

{C:/ProgramData/MiKTeX/2.9/pdftex/config/pdftex.map}]

LaTeX Warning: Reference `RenEnt' on page 2 undefined on input line 46.


LaTeX Warning: Reference `TsaEnt' on page 2 undefined on input line 46.


LaTeX Warning: Reference `ShaEnt' on page 2 undefined on input line 46.


LaTeX Warning: Reference `QuadRenEnt' on page 2 undefined on input line 61.


LaTeX Warning: Reference `ShaEnt' on page 2 undefined on input line 61.

LaTeX Font Info:    Try loading font information for OMS+cmr on input line 71.
("C:\Program Files\MiKTeX 2.9\tex\latex\base\omscmr.fd"
File: omscmr.fd 2014/09/29 v2.5h Standard LaTeX font definitions
)
LaTeX Font Info:    Font shape `OMS/cmr/m/n' in size <10> not available
(Font)              Font shape `OMS/cmsy/m/n' tried instead on input line 71.
 [2]

LaTeX Warning: Reference `Rho' on page 3 undefined on input line 90.


LaTeX Warning: Reference `Volume' on page 3 undefined on input line 90.


LaTeX Warning: Reference `Psi' on page 3 undefined on input line 90.


LaTeX Warning: Reference `paper4_T4' on page 3 undefined on input line 122.


LaTeX Warning: Reference `paper4_T5' on page 3 undefined on input line 122.


Overfull \hbox (1.30507pt too wide) in paragraph at lines 122--123
[]\OT1/cmr/m/n/10 Additionally, from pa-per 4 (TODO ref-er-ence), we have the f
ol-low-ing, stronger
 []

[3]

LaTeX Warning: Reference `A1' on page 4 undefined on input line 142.


LaTeX Warning: Reference `A2' on page 4 undefined on input line 142.


LaTeX Warning: Reference `A1' on page 4 undefined on input line 149.


LaTeX Warning: Reference `A2' on page 4 undefined on input line 149.


LaTeX Warning: Reference `A3' on page 4 undefined on input line 149.


LaTeX Warning: Reference `paper4_T4' on page 4 undefined on input line 157.


LaTeX Warning: Reference `paper1_T1' on page 4 undefined on input line 167.


LaTeX Warning: Reference `paper4_T5' on page 4 undefined on input line 170.


LaTeX Warning: Reference `paper4_T4' on page 4 undefined on input line 174.

[4]

LaTeX Warning: Reference `paper4_T5' on page 5 undefined on input line 180.


LaTeX Warning: Reference `est_dist' on page 5 undefined on input line 182.


LaTeX Warning: Reference `est_consist' on page 5 undefined on input line 182.


LaTeX Warning: Reference `KLest' on page 5 undefined on input line 182.


LaTeX Warning: Reference `KLest' on page 5 undefined on input line 205.

[5]

LaTeX Warning: Reference `paper4_T5' on page 6 undefined on input line 207.


LaTeX Warning: Reference `est_consist' on page 6 undefined on input line 207.


LaTeX Warning: Reference `bias' on page 6 undefined on input line 215.


LaTeX Warning: Reference `ShaEnt' on page 6 undefined on input line 219.


LaTeX Warning: Reference `ShaEnt' on page 6 undefined on input line 219.


Overfull \hbox (6.1002pt too wide) in paragraph at lines 219--220
\OT1/cmr/m/n/10 I will be-gin by ex-plor-ing en-tropy of sam-ples from the nor-
mal dis-tri-bu-tion $\OML/cmm/m/it/10 N\OT1/cmr/m/n/10 (0\OML/cmm/m/it/10 ; []
\OT1/cmr/m/n/10 )$,
 []

[6]

LaTeX Warning: Reference `paper1_T1' on page 7 undefined on input line 232.


LaTeX Warning: Reference `paper1_T1_eq1' on page 7 undefined on input line 232.



LaTeX Warning: Reference `paper1_T1_eq2' on page 7 undefined on input line 238.



LaTeX Warning: Reference `paper1_T1' on page 7 undefined on input line 238.


Overfull \hbox (40.21341pt too wide) in paragraph at lines 243--243
[] 
 []


LaTeX Warning: Reference `paper1_T2' on page 7 undefined on input line 244.


LaTeX Warning: Reference `paper1_T2_eq1' on page 7 undefined on input line 244.


[7]

LaTeX Warning: Reference `paper1_T2_eq2' on page 8 undefined on input line 250.



Overfull \hbox (40.21341pt too wide) in paragraph at lines 255--255
[] 
 []


LaTeX Warning: Reference `paper1_T2' on page 8 undefined on input line 256.


LaTeX Warning: Reference `paper1_T1' on page 8 undefined on input line 256.


LaTeX Warning: Reference `paper1_T2' on page 8 undefined on input line 256.


LaTeX Warning: Reference `KLest_d=1' on page 8 undefined on input line 256.


LaTeX Warning: Reference `NormalEnt' on page 8 undefined on input line 261.


LaTeX Warning: Reference `normal_k=1_table' on page 8 undefined on input line 2
75.


LaTeX Warning: Reference `logbias' on page 8 undefined on input line 275.


LaTeX Warning: Reference `normal_k=1_graph' on page 8 undefined on input line 2
75.


LaTeX Warning: Reference `normal_k=1_table' on page 8 undefined on input line 2
97.


LaTeX Warning: Reference `paper1_T1' on page 8 undefined on input line 297.

[8]

LaTeX Warning: Reference `normal_k=1_graph' on page 9 undefined on input line 2
99.


LaTeX Warning: Reference `bias' on page 9 undefined on input line 299.

[9] <./Graphs/Normal_k=1_plot.png, id=47, 486.31688pt x 268.75406pt>
File: ./Graphs/Normal_k=1_plot.png Graphic file (type png)

<use ./Graphs/Normal_k=1_plot.png>
Package pdftex.def Info: ./Graphs/Normal_k=1_plot.png used on input line 324.
(pdftex.def)             Requested size: 345.0pt x 190.65678pt.


LaTeX Warning: Reference `normal_k=2_table' on page 10 undefined on input line 
339.


LaTeX Warning: Reference `paper1_T1' on page 10 undefined on input line 361.

[10 <C:/Users/Gemma/Documents/Entropy-Estimators/Graphs/Normal_k=1_plot.png>]
<./Graphs/Normal_k=2_plot.png, id=52, 486.31688pt x 268.75406pt>
File: ./Graphs/Normal_k=2_plot.png Graphic file (type png)

<use ./Graphs/Normal_k=2_plot.png>
Package pdftex.def Info: ./Graphs/Normal_k=2_plot.png used on input line 365.
(pdftex.def)             Requested size: 345.0pt x 190.65678pt.


LaTeX Warning: Reference `bias' on page 11 undefined on input line 371.


LaTeX Warning: Reference `N_compare_k' on page 11 undefined on input line 376.


LaTeX Warning: Reference `normal_k=3_table' on page 11 undefined on input line 
407.

<./Graphs/Normal_k=3_plot.png, id=53, 486.31688pt x 268.75406pt>
File: ./Graphs/Normal_k=3_plot.png Graphic file (type png)

<use ./Graphs/Normal_k=3_plot.png>
Package pdftex.def Info: ./Graphs/Normal_k=3_plot.png used on input line 411.
(pdftex.def)             Requested size: 345.0pt x 190.65678pt.


LaTeX Warning: Reference `logbias' on page 11 undefined on input line 417.


LaTeX Warning: Reference `normal_k=3_graph' on page 11 undefined on input line 
417.


LaTeX Warning: Reference `bias' on page 11 undefined on input line 417.

[11] [12 <C:/Users/Gemma/Documents/Entropy-Estimators/Graphs/Normal_k=2_plot.pn
g>]

LaTeX Warning: Reference `normal_k=3_table' on page 13 undefined on input line 
421.


LaTeX Warning: Reference `N_compare_k' on page 13 undefined on input line 421.


LaTeX Warning: Reference `KLest' on page 13 undefined on input line 427.


LaTeX Warning: Reference `normal_exact' on page 13 undefined on input line 452.



LaTeX Warning: Reference `normal_k=5_table' on page 13 undefined on input line 
452.

[13 <C:/Users/Gemma/Documents/Entropy-Estimators/Graphs/Normal_k=3_plot.png (PN
G copy)>]

LaTeX Warning: Reference `normal_k=5_table' on page 14 undefined on input line 
460.


LaTeX Warning: Reference `normal_k=5_graph' on page 14 undefined on input line 
462.


LaTeX Warning: Reference `paper1_T1' on page 14 undefined on input line 462.

<./Graphs/Normal_k=5_plot.png, id=65, 486.31688pt x 268.75406pt>
File: ./Graphs/Normal_k=5_plot.png Graphic file (type png)

<use ./Graphs/Normal_k=5_plot.png>
Package pdftex.def Info: ./Graphs/Normal_k=5_plot.png used on input line 466.
(pdftex.def)             Requested size: 345.0pt x 190.65678pt.


LaTeX Warning: Reference `normal_k=5_graph' on page 14 undefined on input line 
472.


LaTeX Warning: Reference `bias' on page 14 undefined on input line 472.


LaTeX Warning: Reference `N_compare_k' on page 14 undefined on input line 476.

[14]

LaTeX Warning: Reference `normal_exact' on page 15 undefined on input line 486.



LaTeX Warning: Reference `normal_k=10_table' on page 15 undefined on input line
 486.


LaTeX Warning: Reference `paper1_T1' on page 15 undefined on input line 508.

[15 <C:/Users/Gemma/Documents/Entropy-Estimators/Graphs/Normal_k=5_plot.png>]
<./Graphs/Normal_k=10_plot.png, id=73, 466.74374pt x 268.75406pt>
File: ./Graphs/Normal_k=10_plot.png Graphic file (type png)

<use ./Graphs/Normal_k=10_plot.png>
Package pdftex.def Info: ./Graphs/Normal_k=10_plot.png used on input line 512.
(pdftex.def)             Requested size: 345.0pt x 198.66164pt.


LaTeX Warning: Reference `normal_k=10_graph' on page 16 undefined on input line
 518.


LaTeX Warning: Reference `bias' on page 16 undefined on input line 522.


LaTeX Warning: Reference `N_compare_k' on page 16 undefined on input line 522.


LaTeX Warning: Reference `N_k=1' on page 16 undefined on input line 528.


LaTeX Warning: Reference `N_k=10' on page 16 undefined on input line 528.


Overfull \hbox (47.21419pt too wide) in paragraph at lines 533--544
 [] 
 []


LaTeX Warning: Reference `normal_k=1_table' on page 16 undefined on input line 
545.


LaTeX Warning: Reference `normal_k=2_table' on page 16 undefined on input line 
545.


LaTeX Warning: Reference `normal_k=3_table' on page 16 undefined on input line 
545.


LaTeX Warning: Reference `normal_k=5_table' on page 16 undefined on input line 
545.


LaTeX Warning: Reference `normal_k=10_table' on page 16 undefined on input line
 545.


LaTeX Warning: Reference `normal_k=1_table' on page 16 undefined on input line 
545.


LaTeX Warning: Reference `normal_k=2_table' on page 16 undefined on input line 
545.


LaTeX Warning: Reference `normal_k=3_table' on page 16 undefined on input line 
545.


LaTeX Warning: Reference `normal_k=5_table' on page 16 undefined on input line 
545.


LaTeX Warning: Reference `normal_k=10_table' on page 16 undefined on input line
 545.


LaTeX Warning: Reference `normal_kcompare_table' on page 16 undefined on input 
line 549.

[16 <C:/Users/Gemma/Documents/Entropy-Estimators/Graphs/Normal_k=10_plot.png>]

LaTeX Warning: Reference `normal_kcompare2_table' on page 17 undefined on input
 line 570.


LaTeX Warning: Reference `normal_kcompare_table' on page 17 undefined on input 
line 570.


LaTeX Warning: Reference `paper4_T4' on page 17 undefined on input line 572.


LaTeX Warning: Reference `bias' on page 17 undefined on input line 575.


LaTeX Warning: Reference `bias' on page 17 undefined on input line 575.


LaTeX Warning: Reference `normal_a_c_compare_table' on page 17 undefined on inp
ut line 592.


LaTeX Warning: Reference `bias' on page 17 undefined on input line 592.

[17] [18]

LaTeX Warning: Reference `normal_comparison_graph' on page 19 undefined on inpu
t line 601.

<./Graphs/Normal_comparison.png, id=84, 466.74374pt x 268.75406pt>
File: ./Graphs/Normal_comparison.png Graphic file (type png)

<use ./Graphs/Normal_comparison.png>
Package pdftex.def Info: ./Graphs/Normal_comparison.png used on input line 605.

(pdftex.def)             Requested size: 345.0pt x 198.66164pt.


LaTeX Warning: Reference `' on page 19 undefined on input line 611.


LaTeX Warning: Reference `ShaEnt' on page 19 undefined on input line 630.

[19]

LaTeX Warning: Reference `paper1_T1' on page 20 undefined on input line 642.


LaTeX Warning: Reference `paper1_T1_eq1' on page 20 undefined on input line 642
.


LaTeX Warning: Reference `paper1_T1_eq2' on page 20 undefined on input line 647
.


LaTeX Warning: Reference `paper1_T1' on page 20 undefined on input line 647.

[20 <C:/Users/Gemma/Documents/Entropy-Estimators/Graphs/Normal_comparison.png>]

LaTeX Warning: Reference `paper1_T2' on page 21 undefined on input line 652.


LaTeX Warning: Reference `paper1_T2_eq1' on page 21 undefined on input line 652
.


LaTeX Warning: Reference `paper1_T2_eq2' on page 21 undefined on input line 657
.


LaTeX Warning: Reference `paper1_T2' on page 21 undefined on input line 663.


LaTeX Warning: Reference `paper1_T1' on page 21 undefined on input line 663.


LaTeX Warning: Reference `paper1_T2' on page 21 undefined on input line 663.


LaTeX Warning: Reference `KLest_d=1' on page 21 undefined on input line 663.


Overfull \hbox (1.30756pt too wide) in paragraph at lines 677--678
\OT1/cmr/m/n/10 We will be-gin by con-sid-er-ing 500 sam-ples from the uni-form
 dis-tri-bu-tion $\OML/cmm/m/it/10 U\OT1/cmr/m/n/10 [0\OML/cmm/m/it/10 ; \OT1/c
mr/m/n/10 100]$,
 []

[21]

LaTeX Warning: Reference `uniform_exact' on page 22 undefined on input line 681
.


LaTeX Warning: Reference `uniform_k=1_table' on page 22 undefined on input line
 681.


LaTeX Warning: Reference `uniform_k=1_table' on page 22 undefined on input line
 703.


LaTeX Warning: Reference `uniform_k=1_table' on page 22 undefined on input line
 706.


LaTeX Warning: Reference `uniform_exact' on page 22 undefined on input line 708
.


LaTeX Warning: Reference `normal_exact' on page 22 undefined on input line 708.


[22]

LaTeX Warning: Reference `uniform_k=1_table' on page 23 undefined on input line
 710.


LaTeX Warning: Reference `uniform_k=1_table' on page 23 undefined on input line
 713.


LaTeX Warning: Reference `logbias' on page 23 undefined on input line 713.


LaTeX Warning: Reference `uniform_k=1_graph' on page 23 undefined on input line
 713.

<./Graphs/Uniform_k=1_plot.png, id=99, 457.71pt x 268.75406pt>
File: ./Graphs/Uniform_k=1_plot.png Graphic file (type png)

<use ./Graphs/Uniform_k=1_plot.png>
Package pdftex.def Info: ./Graphs/Uniform_k=1_plot.png used on input line 717.
(pdftex.def)             Requested size: 345.0pt x 202.58206pt.
 [23 <C:/Users/Gemma/Documents/Entropy-Estimators/Graphs/Uniform_k=1_plot.png>]


LaTeX Warning: Reference `U_compare_k' on page 24 undefined on input line 727.


LaTeX Warning: Reference `uniform_k=2_table' on page 24 undefined on input line
 759.


LaTeX Warning: Reference `Normal_d=1' on page 24 undefined on input line 759.

[24]

LaTeX Warning: Reference `uniform_k=2_table' on page 25 undefined on input line
 761.


LaTeX Warning: Reference `bias' on page 25 undefined on input line 761.


LaTeX Warning: Reference `uniform_k=2_graph' on page 25 undefined on input line
 761.

<./Graphs/Uniform_k=2_plot.png, id=107, 486.31688pt x 268.75406pt>
File: ./Graphs/Uniform_k=2_plot.png Graphic file (type png)

<use ./Graphs/Uniform_k=2_plot.png>
Package pdftex.def Info: ./Graphs/Uniform_k=2_plot.png used on input line 765.
(pdftex.def)             Requested size: 345.0pt x 190.65678pt.


LaTeX Warning: Reference `logbias' on page 25 undefined on input line 771.


LaTeX Warning: Reference `uniform_k=2_table' on page 25 undefined on input line
 775.


LaTeX Warning: Reference `N_k=2' on page 25 undefined on input line 775.


LaTeX Warning: Reference `U_compare_k' on page 25 undefined on input line 775.

[25 <C:/Users/Gemma/Documents/Entropy-Estimators/Graphs/Uniform_k=2_plot.png>]

LaTeX Warning: Reference `uniform_k=3_table' on page 26 undefined on input line
 785.


LaTeX Warning: Reference `U_k=2' on page 26 undefined on input line 807.


LaTeX Warning: Reference `uniform_k=3_graph' on page 26 undefined on input line
 807.

<./Graphs/Uniform_k=3_plot.png, id=113, 486.31688pt x 268.75406pt>
File: ./Graphs/Uniform_k=3_plot.png Graphic file (type png)

<use ./Graphs/Uniform_k=3_plot.png>
Package pdftex.def Info: ./Graphs/Uniform_k=3_plot.png used on input line 814.
(pdftex.def)             Requested size: 345.0pt x 190.65678pt.


LaTeX Warning: Reference `N_k=3' on page 26 undefined on input line 820.


LaTeX Warning: Reference `U_compare_k' on page 26 undefined on input line 820.


LaTeX Warning: Reference `KLest' on page 26 undefined on input line 827.

[26]

LaTeX Warning: Reference `uniform_exact' on page 27 undefined on input line 832
.


LaTeX Warning: Reference `uniform_k=5_table' on page 27 undefined on input line
 832.


LaTeX Warning: Reference `logbias' on page 27 undefined on input line 854.


LaTeX Warning: Reference `uniform_k=5_graph' on page 27 undefined on input line
 854.

<./Graphs/Uniform_k=5_plot.png, id=117, 466.74374pt x 268.75406pt>
File: ./Graphs/Uniform_k=5_plot.png Graphic file (type png)

<use ./Graphs/Uniform_k=5_plot.png>
Package pdftex.def Info: ./Graphs/Uniform_k=5_plot.png used on input line 858.
(pdftex.def)             Requested size: 345.0pt x 198.66164pt.


LaTeX Warning: Reference `N_k=5' on page 27 undefined on input line 869.


LaTeX Warning: Reference `U_compare_k' on page 27 undefined on input line 869.

! Missing $ inserted.
<inserted text> 
                $
l.870 
      
? 

Overfull \hbox (104.2055pt too wide) in paragraph at lines 867--870
\OML/cmm/m/it/10 c[]:Theseshowsmalldifferencesbetweenthetwodistributions; which
willbefurtherexploredinsection[]:$ 
 []

[27 <C:/Users/Gemma/Documents/Entropy-Estimators/Graphs/Uniform_k=3_plot.png>]
[28 <C:/Users/Gemma/Documents/Entropy-Estimators/Graphs/Uniform_k=5_plot.png>]

LaTeX Warning: Reference `uniform_exact' on page 29 undefined on input line 881
.


LaTeX Warning: Reference `uniform_k=10_table' on page 29 undefined on input lin
e 881.


LaTeX Warning: Reference `uniform_k=2_table' on page 29 undefined on input line
 903.


LaTeX Warning: Reference `uniform_k=3_table' on page 29 undefined on input line
 903.


LaTeX Warning: Reference `uniform_k=5_table' on page 29 undefined on input line
 903.


LaTeX Warning: Reference `paper1_T1' on page 29 undefined on input line 903.

<./Graphs/Uniform_k=10_plot.png, id=126, 466.74374pt x 268.75406pt>
File: ./Graphs/Uniform_k=10_plot.png Graphic file (type png)

<use ./Graphs/Uniform_k=10_plot.png>
Package pdftex.def Info: ./Graphs/Uniform_k=10_plot.png used on input line 907.

(pdftex.def)             Requested size: 345.0pt x 198.66164pt.


LaTeX Warning: Reference `paper1_T1' on page 29 undefined on input line 917.


LaTeX Warning: Reference `N_k=10' on page 29 undefined on input line 917.


LaTeX Warning: Reference `U_compare_k' on page 29 undefined on input line 917.

[29]

LaTeX Warning: Reference `U_k=1' on page 30 undefined on input line 924.


LaTeX Warning: Reference `U_k=10' on page 30 undefined on input line 924.


LaTeX Warning: Reference `bias' on page 30 undefined on input line 924.


LaTeX Warning: Reference `uniform_k_comparison_table' on page 30 undefined on i
nput line 928.


LaTeX Warning: Reference `uniform_k_comparison_table' on page 30 undefined on i
nput line 947.


LaTeX Warning: Reference `paper1_T1' on page 30 undefined on input line 947.


LaTeX Warning: Reference `U_k=1' on page 30 undefined on input line 947.


LaTeX Warning: Reference `U_k=10' on page 30 undefined on input line 947.

[30 <C:/Users/Gemma/Documents/Entropy-Estimators/Graphs/Uniform_k=10_plot.png (
PNG copy)>]

LaTeX Warning: Reference `uniform_normal_comparison_table' on page 31 undefined
 on input line 955.


Overfull \hbox (12.1711pt too wide) in paragraph at lines 960--973
 [] 
 []

[31]

LaTeX Warning: Reference `uniform_comparison_graph' on page 32 undefined on inp
ut line 978.

<./Graphs/Uniform_comparison.png, id=137, 457.71pt x 268.75406pt>
File: ./Graphs/Uniform_comparison.png Graphic file (type png)

<use ./Graphs/Uniform_comparison.png>
Package pdftex.def Info: ./Graphs/Uniform_comparison.png used on input line 982
.
(pdftex.def)             Requested size: 345.0pt x 202.58206pt.


LaTeX Warning: Reference `ShaEnt' on page 32 undefined on input line 996.

[32 <C:/Users/Gemma/Documents/Entropy-Estimators/Graphs/Uniform_comparison.png>
] <./Graphs/Expo_k=1_plot.png, id=142, 457.71pt x 268.75406pt>
File: ./Graphs/Expo_k=1_plot.png Graphic file (type png)

<use ./Graphs/Expo_k=1_plot.png>
Package pdftex.def Info: ./Graphs/Expo_k=1_plot.png used on input line 1029.
(pdftex.def)             Requested size: 345.0pt x 202.58206pt.
 [33] [34 <C:/Users/Gemma/Documents/Entropy-Estimators/Graphs/Expo_k=1_plot.png
>]
("Project - Statistical Inference for Entropy.aux")

LaTeX Warning: There were undefined references.


LaTeX Warning: Label(s) may have changed. Rerun to get cross-references right.

 ) 
Here is how much of TeX's memory you used:
 5108 strings out of 493334
 74178 string characters out of 3139251
 146216 words of memory out of 3000000
 8560 multiletter control sequences out of 15000+200000
 12468 words of font info for 48 fonts, out of 3000000 for 9000
 1141 hyphenation exceptions out of 8191
 40i,12n,39p,1101b,340s stack positions out of 5000i,500n,10000p,200000b,50000s
<C:/Program Files/MiKTeX 2.9/fonts/type1/public/amsfonts/cm/cmbx10.pfb><C:/Pr
ogram Files/MiKTeX 2.9/fonts/type1/public/amsfonts/cm/cmbx12.pfb><C:/Program Fi
les/MiKTeX 2.9/fonts/type1/public/amsfonts/cm/cmex10.pfb><C:/Program Files/MiKT
eX 2.9/fonts/type1/public/amsfonts/cm/cmmi10.pfb><C:/Program Files/MiKTeX 2.9/f
onts/type1/public/amsfonts/cm/cmmi5.pfb><C:/Program Files/MiKTeX 2.9/fonts/type
1/public/amsfonts/cm/cmmi7.pfb><C:/Program Files/MiKTeX 2.9/fonts/type1/public/
amsfonts/cm/cmr10.pfb><C:/Program Files/MiKTeX 2.9/fonts/type1/public/amsfonts/
cm/cmr12.pfb><C:/Program Files/MiKTeX 2.9/fonts/type1/public/amsfonts/cm/cmr17.
pfb><C:/Program Files/MiKTeX 2.9/fonts/type1/public/amsfonts/cm/cmr5.pfb><C:/Pr
ogram Files/MiKTeX 2.9/fonts/type1/public/amsfonts/cm/cmr7.pfb><C:/Program File
s/MiKTeX 2.9/fonts/type1/public/amsfonts/cm/cmsy10.pfb><C:/Program Files/MiKTeX
 2.9/fonts/type1/public/amsfonts/cm/cmsy5.pfb><C:/Program Files/MiKTeX 2.9/font
s/type1/public/amsfonts/cm/cmsy7.pfb><C:/Program Files/MiKTeX 2.9/fonts/type1/p
ublic/amsfonts/cm/cmti10.pfb><C:/Program Files/MiKTeX 2.9/fonts/type1/public/am
sfonts/symbols/msbm10.pfb><C:/Program Files/MiKTeX 2.9/fonts/type1/public/amsfo
nts/symbols/msbm7.pfb>
Output written on "Project - Statistical Inference for Entropy.pdf" (34 pages, 
443889 bytes).
PDF statistics:
 203 PDF objects out of 1000 (max. 8388607)
 0 named destinations out of 1000 (max. 500000)
 66 words of extra memory for PDF output out of 10000 (max. 10000000)

