This is pdfTeX, Version 3.14159265-2.6-1.40.17 (MiKTeX 2.9 64-bit) (preloaded format=pdflatex 2016.10.21)  4 APR 2017 18:10
entering extended mode
**C:/Users/Gemma/Documents/Entropy-Estimators/WriteUp/KarinaMarks-Project.tex
(C:/Users/Gemma/Documents/Entropy-Estimators/WriteUp/KarinaMarks-Project.tex
LaTeX2e <2016/03/31> patch level 3
Babel <3.9r> and hyphenation patterns for 75 language(s) loaded.
("C:\Program Files\MiKTeX 2.9\tex\latex\base\report.cls"
Document Class: report 2014/09/29 v1.4h Standard LaTeX document class
("C:\Program Files\MiKTeX 2.9\tex\latex\base\size12.clo"
File: size12.clo 2014/09/29 v1.4h Standard LaTeX file (size option)
)
\c@part=\count79
\c@chapter=\count80
\c@section=\count81
\c@subsection=\count82
\c@subsubsection=\count83
\c@paragraph=\count84
\c@subparagraph=\count85
\c@figure=\count86
\c@table=\count87
\abovecaptionskip=\skip41
\belowcaptionskip=\skip42
\bibindent=\dimen102
)
("C:\Program Files\MiKTeX 2.9\tex\latex\base\inputenc.sty"
Package: inputenc 2015/03/17 v1.2c Input encoding file
\inpenc@prehook=\toks14
\inpenc@posthook=\toks15

("C:\Program Files\MiKTeX 2.9\tex\latex\base\utf8.def"
File: utf8.def 2016/02/28 v1.1s UTF-8 support for inputenc
Now handling font encoding OML ...
... no UTF-8 mapping file for font encoding OML
Now handling font encoding T1 ...
... processing UTF-8 mapping file for font encoding T1

("C:\Program Files\MiKTeX 2.9\tex\latex\base\t1enc.dfu"
File: t1enc.dfu 2016/02/28 v1.1s UTF-8 support for inputenc
   defining Unicode char U+00A0 (decimal 160)
   defining Unicode char U+00A1 (decimal 161)
   defining Unicode char U+00A3 (decimal 163)
   defining Unicode char U+00AB (decimal 171)
   defining Unicode char U+00AD (decimal 173)
   defining Unicode char U+00BB (decimal 187)
   defining Unicode char U+00BF (decimal 191)
   defining Unicode char U+00C0 (decimal 192)
   defining Unicode char U+00C1 (decimal 193)
   defining Unicode char U+00C2 (decimal 194)
   defining Unicode char U+00C3 (decimal 195)
   defining Unicode char U+00C4 (decimal 196)
   defining Unicode char U+00C5 (decimal 197)
   defining Unicode char U+00C6 (decimal 198)
   defining Unicode char U+00C7 (decimal 199)
   defining Unicode char U+00C8 (decimal 200)
   defining Unicode char U+00C9 (decimal 201)
   defining Unicode char U+00CA (decimal 202)
   defining Unicode char U+00CB (decimal 203)
   defining Unicode char U+00CC (decimal 204)
   defining Unicode char U+00CD (decimal 205)
   defining Unicode char U+00CE (decimal 206)
   defining Unicode char U+00CF (decimal 207)
   defining Unicode char U+00D0 (decimal 208)
   defining Unicode char U+00D1 (decimal 209)
   defining Unicode char U+00D2 (decimal 210)
   defining Unicode char U+00D3 (decimal 211)
   defining Unicode char U+00D4 (decimal 212)
   defining Unicode char U+00D5 (decimal 213)
   defining Unicode char U+00D6 (decimal 214)
   defining Unicode char U+00D8 (decimal 216)
   defining Unicode char U+00D9 (decimal 217)
   defining Unicode char U+00DA (decimal 218)
   defining Unicode char U+00DB (decimal 219)
   defining Unicode char U+00DC (decimal 220)
   defining Unicode char U+00DD (decimal 221)
   defining Unicode char U+00DE (decimal 222)
   defining Unicode char U+00DF (decimal 223)
   defining Unicode char U+00E0 (decimal 224)
   defining Unicode char U+00E1 (decimal 225)
   defining Unicode char U+00E2 (decimal 226)
   defining Unicode char U+00E3 (decimal 227)
   defining Unicode char U+00E4 (decimal 228)
   defining Unicode char U+00E5 (decimal 229)
   defining Unicode char U+00E6 (decimal 230)
   defining Unicode char U+00E7 (decimal 231)
   defining Unicode char U+00E8 (decimal 232)
   defining Unicode char U+00E9 (decimal 233)
   defining Unicode char U+00EA (decimal 234)
   defining Unicode char U+00EB (decimal 235)
   defining Unicode char U+00EC (decimal 236)
   defining Unicode char U+00ED (decimal 237)
   defining Unicode char U+00EE (decimal 238)
   defining Unicode char U+00EF (decimal 239)
   defining Unicode char U+00F0 (decimal 240)
   defining Unicode char U+00F1 (decimal 241)
   defining Unicode char U+00F2 (decimal 242)
   defining Unicode char U+00F3 (decimal 243)
   defining Unicode char U+00F4 (decimal 244)
   defining Unicode char U+00F5 (decimal 245)
   defining Unicode char U+00F6 (decimal 246)
   defining Unicode char U+00F8 (decimal 248)
   defining Unicode char U+00F9 (decimal 249)
   defining Unicode char U+00FA (decimal 250)
   defining Unicode char U+00FB (decimal 251)
   defining Unicode char U+00FC (decimal 252)
   defining Unicode char U+00FD (decimal 253)
   defining Unicode char U+00FE (decimal 254)
   defining Unicode char U+00FF (decimal 255)
   defining Unicode char U+0100 (decimal 256)
   defining Unicode char U+0101 (decimal 257)
   defining Unicode char U+0102 (decimal 258)
   defining Unicode char U+0103 (decimal 259)
   defining Unicode char U+0104 (decimal 260)
   defining Unicode char U+0105 (decimal 261)
   defining Unicode char U+0106 (decimal 262)
   defining Unicode char U+0107 (decimal 263)
   defining Unicode char U+0108 (decimal 264)
   defining Unicode char U+0109 (decimal 265)
   defining Unicode char U+010A (decimal 266)
   defining Unicode char U+010B (decimal 267)
   defining Unicode char U+010C (decimal 268)
   defining Unicode char U+010D (decimal 269)
   defining Unicode char U+010E (decimal 270)
   defining Unicode char U+010F (decimal 271)
   defining Unicode char U+0110 (decimal 272)
   defining Unicode char U+0111 (decimal 273)
   defining Unicode char U+0112 (decimal 274)
   defining Unicode char U+0113 (decimal 275)
   defining Unicode char U+0114 (decimal 276)
   defining Unicode char U+0115 (decimal 277)
   defining Unicode char U+0116 (decimal 278)
   defining Unicode char U+0117 (decimal 279)
   defining Unicode char U+0118 (decimal 280)
   defining Unicode char U+0119 (decimal 281)
   defining Unicode char U+011A (decimal 282)
   defining Unicode char U+011B (decimal 283)
   defining Unicode char U+011C (decimal 284)
   defining Unicode char U+011D (decimal 285)
   defining Unicode char U+011E (decimal 286)
   defining Unicode char U+011F (decimal 287)
   defining Unicode char U+0120 (decimal 288)
   defining Unicode char U+0121 (decimal 289)
   defining Unicode char U+0122 (decimal 290)
   defining Unicode char U+0123 (decimal 291)
   defining Unicode char U+0124 (decimal 292)
   defining Unicode char U+0125 (decimal 293)
   defining Unicode char U+0128 (decimal 296)
   defining Unicode char U+0129 (decimal 297)
   defining Unicode char U+012A (decimal 298)
   defining Unicode char U+012B (decimal 299)
   defining Unicode char U+012C (decimal 300)
   defining Unicode char U+012D (decimal 301)
   defining Unicode char U+012E (decimal 302)
   defining Unicode char U+012F (decimal 303)
   defining Unicode char U+0130 (decimal 304)
   defining Unicode char U+0131 (decimal 305)
   defining Unicode char U+0132 (decimal 306)
   defining Unicode char U+0133 (decimal 307)
   defining Unicode char U+0134 (decimal 308)
   defining Unicode char U+0135 (decimal 309)
   defining Unicode char U+0136 (decimal 310)
   defining Unicode char U+0137 (decimal 311)
   defining Unicode char U+0139 (decimal 313)
   defining Unicode char U+013A (decimal 314)
   defining Unicode char U+013B (decimal 315)
   defining Unicode char U+013C (decimal 316)
   defining Unicode char U+013D (decimal 317)
   defining Unicode char U+013E (decimal 318)
   defining Unicode char U+0141 (decimal 321)
   defining Unicode char U+0142 (decimal 322)
   defining Unicode char U+0143 (decimal 323)
   defining Unicode char U+0144 (decimal 324)
   defining Unicode char U+0145 (decimal 325)
   defining Unicode char U+0146 (decimal 326)
   defining Unicode char U+0147 (decimal 327)
   defining Unicode char U+0148 (decimal 328)
   defining Unicode char U+014A (decimal 330)
   defining Unicode char U+014B (decimal 331)
   defining Unicode char U+014C (decimal 332)
   defining Unicode char U+014D (decimal 333)
   defining Unicode char U+014E (decimal 334)
   defining Unicode char U+014F (decimal 335)
   defining Unicode char U+0150 (decimal 336)
   defining Unicode char U+0151 (decimal 337)
   defining Unicode char U+0152 (decimal 338)
   defining Unicode char U+0153 (decimal 339)
   defining Unicode char U+0154 (decimal 340)
   defining Unicode char U+0155 (decimal 341)
   defining Unicode char U+0156 (decimal 342)
   defining Unicode char U+0157 (decimal 343)
   defining Unicode char U+0158 (decimal 344)
   defining Unicode char U+0159 (decimal 345)
   defining Unicode char U+015A (decimal 346)
   defining Unicode char U+015B (decimal 347)
   defining Unicode char U+015C (decimal 348)
   defining Unicode char U+015D (decimal 349)
   defining Unicode char U+015E (decimal 350)
   defining Unicode char U+015F (decimal 351)
   defining Unicode char U+0160 (decimal 352)
   defining Unicode char U+0161 (decimal 353)
   defining Unicode char U+0162 (decimal 354)
   defining Unicode char U+0163 (decimal 355)
   defining Unicode char U+0164 (decimal 356)
   defining Unicode char U+0165 (decimal 357)
   defining Unicode char U+0168 (decimal 360)
   defining Unicode char U+0169 (decimal 361)
   defining Unicode char U+016A (decimal 362)
   defining Unicode char U+016B (decimal 363)
   defining Unicode char U+016C (decimal 364)
   defining Unicode char U+016D (decimal 365)
   defining Unicode char U+016E (decimal 366)
   defining Unicode char U+016F (decimal 367)
   defining Unicode char U+0170 (decimal 368)
   defining Unicode char U+0171 (decimal 369)
   defining Unicode char U+0172 (decimal 370)
   defining Unicode char U+0173 (decimal 371)
   defining Unicode char U+0174 (decimal 372)
   defining Unicode char U+0175 (decimal 373)
   defining Unicode char U+0176 (decimal 374)
   defining Unicode char U+0177 (decimal 375)
   defining Unicode char U+0178 (decimal 376)
   defining Unicode char U+0179 (decimal 377)
   defining Unicode char U+017A (decimal 378)
   defining Unicode char U+017B (decimal 379)
   defining Unicode char U+017C (decimal 380)
   defining Unicode char U+017D (decimal 381)
   defining Unicode char U+017E (decimal 382)
   defining Unicode char U+01CD (decimal 461)
   defining Unicode char U+01CE (decimal 462)
   defining Unicode char U+01CF (decimal 463)
   defining Unicode char U+01D0 (decimal 464)
   defining Unicode char U+01D1 (decimal 465)
   defining Unicode char U+01D2 (decimal 466)
   defining Unicode char U+01D3 (decimal 467)
   defining Unicode char U+01D4 (decimal 468)
   defining Unicode char U+01E2 (decimal 482)
   defining Unicode char U+01E3 (decimal 483)
   defining Unicode char U+01E6 (decimal 486)
   defining Unicode char U+01E7 (decimal 487)
   defining Unicode char U+01E8 (decimal 488)
   defining Unicode char U+01E9 (decimal 489)
   defining Unicode char U+01EA (decimal 490)
   defining Unicode char U+01EB (decimal 491)
   defining Unicode char U+01F0 (decimal 496)
   defining Unicode char U+01F4 (decimal 500)
   defining Unicode char U+01F5 (decimal 501)
   defining Unicode char U+0218 (decimal 536)
   defining Unicode char U+0219 (decimal 537)
   defining Unicode char U+021A (decimal 538)
   defining Unicode char U+021B (decimal 539)
   defining Unicode char U+1E02 (decimal 7682)
   defining Unicode char U+1E03 (decimal 7683)
   defining Unicode char U+200C (decimal 8204)
   defining Unicode char U+2010 (decimal 8208)
   defining Unicode char U+2011 (decimal 8209)
   defining Unicode char U+2012 (decimal 8210)
   defining Unicode char U+2013 (decimal 8211)
   defining Unicode char U+2014 (decimal 8212)
   defining Unicode char U+2015 (decimal 8213)
   defining Unicode char U+2018 (decimal 8216)
   defining Unicode char U+2019 (decimal 8217)
   defining Unicode char U+201A (decimal 8218)
   defining Unicode char U+201C (decimal 8220)
   defining Unicode char U+201D (decimal 8221)
   defining Unicode char U+201E (decimal 8222)
   defining Unicode char U+2030 (decimal 8240)
   defining Unicode char U+2031 (decimal 8241)
   defining Unicode char U+2039 (decimal 8249)
   defining Unicode char U+203A (decimal 8250)
   defining Unicode char U+2423 (decimal 9251)
)
Now handling font encoding OT1 ...
... processing UTF-8 mapping file for font encoding OT1

("C:\Program Files\MiKTeX 2.9\tex\latex\base\ot1enc.dfu"
File: ot1enc.dfu 2016/02/28 v1.1s UTF-8 support for inputenc
   defining Unicode char U+00A0 (decimal 160)
   defining Unicode char U+00A1 (decimal 161)
   defining Unicode char U+00A3 (decimal 163)
   defining Unicode char U+00AD (decimal 173)
   defining Unicode char U+00B8 (decimal 184)
   defining Unicode char U+00BF (decimal 191)
   defining Unicode char U+00C5 (decimal 197)
   defining Unicode char U+00C6 (decimal 198)
   defining Unicode char U+00D8 (decimal 216)
   defining Unicode char U+00DF (decimal 223)
   defining Unicode char U+00E6 (decimal 230)
   defining Unicode char U+00EC (decimal 236)
   defining Unicode char U+00ED (decimal 237)
   defining Unicode char U+00EE (decimal 238)
   defining Unicode char U+00EF (decimal 239)
   defining Unicode char U+00F8 (decimal 248)
   defining Unicode char U+0131 (decimal 305)
   defining Unicode char U+0141 (decimal 321)
   defining Unicode char U+0142 (decimal 322)
   defining Unicode char U+0152 (decimal 338)
   defining Unicode char U+0153 (decimal 339)
   defining Unicode char U+0174 (decimal 372)
   defining Unicode char U+0175 (decimal 373)
   defining Unicode char U+0176 (decimal 374)
   defining Unicode char U+0177 (decimal 375)
   defining Unicode char U+0218 (decimal 536)
   defining Unicode char U+0219 (decimal 537)
   defining Unicode char U+021A (decimal 538)
   defining Unicode char U+021B (decimal 539)
   defining Unicode char U+2013 (decimal 8211)
   defining Unicode char U+2014 (decimal 8212)
   defining Unicode char U+2018 (decimal 8216)
   defining Unicode char U+2019 (decimal 8217)
   defining Unicode char U+201C (decimal 8220)
   defining Unicode char U+201D (decimal 8221)
)
Now handling font encoding OMS ...
... processing UTF-8 mapping file for font encoding OMS

("C:\Program Files\MiKTeX 2.9\tex\latex\base\omsenc.dfu"
File: omsenc.dfu 2016/02/28 v1.1s UTF-8 support for inputenc
   defining Unicode char U+00A7 (decimal 167)
   defining Unicode char U+00B6 (decimal 182)
   defining Unicode char U+00B7 (decimal 183)
   defining Unicode char U+2020 (decimal 8224)
   defining Unicode char U+2021 (decimal 8225)
   defining Unicode char U+2022 (decimal 8226)
)
Now handling font encoding OMX ...
... no UTF-8 mapping file for font encoding OMX
Now handling font encoding U ...
... no UTF-8 mapping file for font encoding U
   defining Unicode char U+00A9 (decimal 169)
   defining Unicode char U+00AA (decimal 170)
   defining Unicode char U+00AE (decimal 174)
   defining Unicode char U+00BA (decimal 186)
   defining Unicode char U+02C6 (decimal 710)
   defining Unicode char U+02DC (decimal 732)
   defining Unicode char U+200C (decimal 8204)
   defining Unicode char U+2026 (decimal 8230)
   defining Unicode char U+2122 (decimal 8482)
   defining Unicode char U+2423 (decimal 9251)
))
("C:\Program Files\MiKTeX 2.9\tex\latex\amsmath\amsmath.sty"
Package: amsmath 2016/06/28 v2.15d AMS math features
\@mathmargin=\skip43

For additional information on amsmath, use the `?' option.
("C:\Program Files\MiKTeX 2.9\tex\latex\amsmath\amstext.sty"
Package: amstext 2000/06/29 v2.01 AMS text

("C:\Program Files\MiKTeX 2.9\tex\latex\amsmath\amsgen.sty"
File: amsgen.sty 1999/11/30 v2.0 generic functions
\@emptytoks=\toks16
\ex@=\dimen103
))
("C:\Program Files\MiKTeX 2.9\tex\latex\amsmath\amsbsy.sty"
Package: amsbsy 1999/11/29 v1.2d Bold Symbols
\pmbraise@=\dimen104
)
("C:\Program Files\MiKTeX 2.9\tex\latex\amsmath\amsopn.sty"
Package: amsopn 2016/03/08 v2.02 operator names
)
\inf@bad=\count88
LaTeX Info: Redefining \frac on input line 199.
\uproot@=\count89
\leftroot@=\count90
LaTeX Info: Redefining \overline on input line 297.
\classnum@=\count91
\DOTSCASE@=\count92
LaTeX Info: Redefining \ldots on input line 394.
LaTeX Info: Redefining \dots on input line 397.
LaTeX Info: Redefining \cdots on input line 518.
\Mathstrutbox@=\box26
\strutbox@=\box27
\big@size=\dimen105
LaTeX Font Info:    Redeclaring font encoding OML on input line 634.
LaTeX Font Info:    Redeclaring font encoding OMS on input line 635.
\macc@depth=\count93
\c@MaxMatrixCols=\count94
\dotsspace@=\muskip10
\c@parentequation=\count95
\dspbrk@lvl=\count96
\tag@help=\toks17
\row@=\count97
\column@=\count98
\maxfields@=\count99
\andhelp@=\toks18
\eqnshift@=\dimen106
\alignsep@=\dimen107
\tagshift@=\dimen108
\tagwidth@=\dimen109
\totwidth@=\dimen110
\lineht@=\dimen111
\@envbody=\toks19
\multlinegap=\skip44
\multlinetaggap=\skip45
\mathdisplay@stack=\toks20
LaTeX Info: Redefining \[ on input line 2739.
LaTeX Info: Redefining \] on input line 2740.
)
("C:\Program Files\MiKTeX 2.9\tex\latex\amsfonts\amsfonts.sty"
Package: amsfonts 2013/01/14 v3.01 Basic AMSFonts support
\symAMSa=\mathgroup4
\symAMSb=\mathgroup5
LaTeX Font Info:    Overwriting math alphabet `\mathfrak' in version `bold'
(Font)                  U/euf/m/n --> U/euf/b/n on input line 106.
)
("C:\Program Files\MiKTeX 2.9\tex\latex\graphics\graphicx.sty"
Package: graphicx 2014/10/28 v1.0g Enhanced LaTeX Graphics (DPC,SPQR)

("C:\Program Files\MiKTeX 2.9\tex\latex\graphics\keyval.sty"
Package: keyval 2014/10/28 v1.15 key=value parser (DPC)
\KV@toks@=\toks21
)
("C:\Program Files\MiKTeX 2.9\tex\latex\graphics\graphics.sty"
Package: graphics 2016/07/10 v1.0t Standard LaTeX Graphics (DPC,SPQR)

("C:\Program Files\MiKTeX 2.9\tex\latex\graphics\trig.sty"
Package: trig 2016/01/03 v1.10 sin cos tan (DPC)
)
("C:\Program Files\MiKTeX 2.9\tex\latex\00miktex\graphics.cfg"
File: graphics.cfg 2016/06/04 v1.11 sample graphics configuration
)
Package graphics Info: Driver file: pdftex.def on input line 99.

("C:\Program Files\MiKTeX 2.9\tex\latex\graphics-def\pdftex.def"
File: pdftex.def 2016/07/10 v0.06j Graphics/color for pdfTeX

("C:\Program Files\MiKTeX 2.9\tex\generic\oberdiek\infwarerr.sty"
Package: infwarerr 2016/05/16 v1.4 Providing info/warning/error messages (HO)
)
("C:\Program Files\MiKTeX 2.9\tex\generic\oberdiek\ltxcmds.sty"
Package: ltxcmds 2016/05/16 v1.23 LaTeX kernel commands for general use (HO)
)
\Gread@gobject=\count100
))
\Gin@req@height=\dimen112
\Gin@req@width=\dimen113
)
("C:\Program Files\MiKTeX 2.9\tex\latex\listings\listings.sty"
\lst@mode=\count101
\lst@gtempboxa=\box28
\lst@token=\toks22
\lst@length=\count102
\lst@currlwidth=\dimen114
\lst@column=\count103
\lst@pos=\count104
\lst@lostspace=\dimen115
\lst@width=\dimen116
\lst@newlines=\count105
\lst@lineno=\count106
\lst@maxwidth=\dimen117

("C:\Program Files\MiKTeX 2.9\tex\latex\listings\lstmisc.sty"
File: lstmisc.sty 2015/06/04 1.6 (Carsten Heinz)
\c@lstnumber=\count107
\lst@skipnumbers=\count108
\lst@framebox=\box29
)
("C:\Program Files\MiKTeX 2.9\tex\latex\listings\listings.cfg"
File: listings.cfg 2015/06/04 1.6 listings configuration
))
Package: listings 2015/06/04 1.6 (Carsten Heinz)

("C:\Program Files\MiKTeX 2.9\tex\latex\booktabs\booktabs.sty"
Package: booktabs 2005/04/14 v1.61803 publication quality tables
\heavyrulewidth=\dimen118
\lightrulewidth=\dimen119
\cmidrulewidth=\dimen120
\belowrulesep=\dimen121
\belowbottomsep=\dimen122
\aboverulesep=\dimen123
\abovetopsep=\dimen124
\cmidrulesep=\dimen125
\cmidrulekern=\dimen126
\defaultaddspace=\dimen127
\@cmidla=\count109
\@cmidlb=\count110
\@aboverulesep=\dimen128
\@belowrulesep=\dimen129
\@thisruleclass=\count111
\@lastruleclass=\count112
\@thisrulewidth=\dimen130
)
("C:\Program Files\MiKTeX 2.9\tex\latex\caption\subcaption.sty"
Package: subcaption 2016/05/22 v1.1-161 Sub-captions (AR)

("C:\Program Files\MiKTeX 2.9\tex\latex\caption\caption.sty"
Package: caption 2016/02/21 v3.3-144 Customizing captions (AR)

("C:\Program Files\MiKTeX 2.9\tex\latex\caption\caption3.sty"
Package: caption3 2016/05/22 v1.7-166 caption3 kernel (AR)
Package caption3 Info: TeX engine: e-TeX on input line 67.
\captionmargin=\dimen131
\captionmargin@=\dimen132
\captionwidth=\dimen133
\caption@tempdima=\dimen134
\caption@indent=\dimen135
\caption@parindent=\dimen136
\caption@hangindent=\dimen137
)
\c@ContinuedFloat=\count113
Package caption Info: listings package is loaded.
)
\c@subfigure=\count114
\c@subtable=\count115
)
("C:\Program Files\MiKTeX 2.9\tex\latex\url\url.sty"
\Urlmuskip=\muskip11
Package: url 2013/09/16  ver 3.4  Verb mode for urls, etc.
)
("C:\Program Files\MiKTeX 2.9\tex\latex\filecontents\filecontents.sty"
Package: filecontents 2011/10/08 v1.3 Create an external file from within a LaT
eX document
)
("C:\Program Files\MiKTeX 2.9\tex\latex\csvsimple\csvsimple.sty"
Package: csvsimple 2016/07/01 version 1.20 LaTeX CSV file processing

("C:\Program Files\MiKTeX 2.9\tex\latex\pgf\utilities\pgfkeys.sty"
("C:\Program Files\MiKTeX 2.9\tex\generic\pgf\utilities\pgfkeys.code.tex"
\pgfkeys@pathtoks=\toks23
\pgfkeys@temptoks=\toks24

("C:\Program Files\MiKTeX 2.9\tex\generic\pgf\utilities\pgfkeysfiltered.code.te
x"
\pgfkeys@tmptoks=\toks25
))) ("C:\Program Files\MiKTeX 2.9\tex\latex\base\ifthen.sty"
Package: ifthen 2014/09/29 v1.1c Standard LaTeX ifthen package (DPC)
)
("C:\Program Files\MiKTeX 2.9\tex\latex\etoolbox\etoolbox.sty"
Package: etoolbox 2017/01/02 v2.4 e-TeX tools for LaTeX (JAW)
\etb@tempcnta=\count116
)
("C:\Program Files\MiKTeX 2.9\tex\latex\tools\shellesc.sty"
Package: shellesc 2016/06/07 v0.02a unified shell escape interface for LaTeX
Package shellesc Info: Restricted shell escape enabled on input line 69.
)
\csv@file=\read1
\c@csvinputline=\count117
\c@csvrow=\count118
\c@csvcol=\count119
\csv@out=\write3
)
("C:\Program Files\MiKTeX 2.9\tex\latex\appendix\appendix.sty"
Package: appendix 2009/09/02 v1.2b extra appendix facilities
\c@@pps=\count120
\c@@ppsavesec=\count121
\c@@ppsaveapp=\count122
)
("C:\Program Files\MiKTeX 2.9\tex\generic\babel\babel.sty"
Package: babel 2016/04/23 3.9r The Babel package

*************************************
* Local config file bblopts.cfg used
*
("C:\Program Files\MiKTeX 2.9\tex\latex\arabi\bblopts.cfg"
File: bblopts.cfg 2005/09/08 v0.1 add Arabic and Farsi to "declared" options of
 babel
)
("C:\Program Files\MiKTeX 2.9\tex\latex\babel-english\english.ldf"
Language: english 2012/08/20 v3.3p English support from the babel system

("C:\Program Files\MiKTeX 2.9\tex\generic\babel\babel.def"
File: babel.def 2016/04/23 3.9r Babel common definitions
\babel@savecnt=\count123
\U@D=\dimen138
)
\l@canadian = a dialect from \language\l@american 
\l@australian = a dialect from \language\l@british 
\l@newzealand = a dialect from \language\l@british 
))
("C:\Program Files\MiKTeX 2.9\tex\latex\todonotes\todonotes.sty"
Package: todonotes 2015/07/09 .dtx Todonotes source and documentation.
Package: todonotes 2012/07/25

("C:\Program Files\MiKTeX 2.9\tex\latex\xkeyval\xkeyval.sty"
Package: xkeyval 2014/12/03 v2.7a package option processing (HA)

("C:\Program Files\MiKTeX 2.9\tex\generic\xkeyval\xkeyval.tex"
("C:\Program Files\MiKTeX 2.9\tex\generic\xkeyval\xkvutils.tex"
\XKV@toks=\toks26
\XKV@tempa@toks=\toks27
)
\XKV@depth=\count124
File: xkeyval.tex 2014/12/03 v2.7a key=value parser (HA)
))
("C:\Program Files\MiKTeX 2.9\tex\latex\xcolor\xcolor.sty"
Package: xcolor 2016/05/11 v2.12 LaTeX color extensions (UK)

("C:\Program Files\MiKTeX 2.9\tex\latex\00miktex\color.cfg"
File: color.cfg 2016/01/02 v1.6 sample color configuration
)
Package xcolor Info: Driver file: pdftex.def on input line 225.
Package xcolor Info: Model `cmy' substituted by `cmy0' on input line 1348.
Package xcolor Info: Model `hsb' substituted by `rgb' on input line 1352.
Package xcolor Info: Model `RGB' extended on input line 1364.
Package xcolor Info: Model `HTML' substituted by `rgb' on input line 1366.
Package xcolor Info: Model `Hsb' substituted by `hsb' on input line 1367.
Package xcolor Info: Model `tHsb' substituted by `hsb' on input line 1368.
Package xcolor Info: Model `HSB' substituted by `hsb' on input line 1369.
Package xcolor Info: Model `Gray' substituted by `gray' on input line 1370.
Package xcolor Info: Model `wave' substituted by `hsb' on input line 1371.
)
("C:\Program Files\MiKTeX 2.9\tex\latex\pgf\frontendlayer\tikz.sty"
("C:\Program Files\MiKTeX 2.9\tex\latex\pgf\basiclayer\pgf.sty"
("C:\Program Files\MiKTeX 2.9\tex\latex\pgf\utilities\pgfrcs.sty"
("C:\Program Files\MiKTeX 2.9\tex\generic\pgf\utilities\pgfutil-common.tex"
\pgfutil@everybye=\toks28
\pgfutil@tempdima=\dimen139
\pgfutil@tempdimb=\dimen140

("C:\Program Files\MiKTeX 2.9\tex\generic\pgf\utilities\pgfutil-common-lists.te
x")) ("C:\Program Files\MiKTeX 2.9\tex\generic\pgf\utilities\pgfutil-latex.def"
\pgfutil@abb=\box30
("C:\Program Files\MiKTeX 2.9\tex\latex\ms\everyshi.sty"
Package: everyshi 2001/05/15 v3.00 EveryShipout Package (MS)
))
("C:\Program Files\MiKTeX 2.9\tex\generic\pgf\utilities\pgfrcs.code.tex"
Package: pgfrcs 2015/08/07 v3.0.1a (rcs-revision 1.31)
))
Package: pgf 2015/08/07 v3.0.1a (rcs-revision 1.15)

("C:\Program Files\MiKTeX 2.9\tex\latex\pgf\basiclayer\pgfcore.sty"
("C:\Program Files\MiKTeX 2.9\tex\latex\pgf\systemlayer\pgfsys.sty"
("C:\Program Files\MiKTeX 2.9\tex\generic\pgf\systemlayer\pgfsys.code.tex"
Package: pgfsys 2014/07/09 v3.0.1a (rcs-revision 1.48)

("C:\Program Files\MiKTeX 2.9\tex\generic\pgf\utilities\pgfkeys.code.tex")
\pgf@x=\dimen141
\pgf@y=\dimen142
\pgf@xa=\dimen143
\pgf@ya=\dimen144
\pgf@xb=\dimen145
\pgf@yb=\dimen146
\pgf@xc=\dimen147
\pgf@yc=\dimen148
\w@pgf@writea=\write4
\r@pgf@reada=\read2
\c@pgf@counta=\count125
\c@pgf@countb=\count126
\c@pgf@countc=\count127
\c@pgf@countd=\count128
\t@pgf@toka=\toks29
\t@pgf@tokb=\toks30
\t@pgf@tokc=\toks31

("C:\Program Files\MiKTeX 2.9\tex\generic\pgf\systemlayer\pgf.cfg"
File: pgf.cfg 2008/05/14  (rcs-revision 1.7)
)
Driver file for pgf: pgfsys-pdftex.def

("C:\Program Files\MiKTeX 2.9\tex\generic\pgf\systemlayer\pgfsys-pdftex.def"
File: pgfsys-pdftex.def 2014/10/11  (rcs-revision 1.35)

("C:\Program Files\MiKTeX 2.9\tex\generic\pgf\systemlayer\pgfsys-common-pdf.def
"
File: pgfsys-common-pdf.def 2013/10/10  (rcs-revision 1.13)
)))
("C:\Program Files\MiKTeX 2.9\tex\generic\pgf\systemlayer\pgfsyssoftpath.code.t
ex"
File: pgfsyssoftpath.code.tex 2013/09/09  (rcs-revision 1.9)
\pgfsyssoftpath@smallbuffer@items=\count129
\pgfsyssoftpath@bigbuffer@items=\count130
)
("C:\Program Files\MiKTeX 2.9\tex\generic\pgf\systemlayer\pgfsysprotocol.code.t
ex"
File: pgfsysprotocol.code.tex 2006/10/16  (rcs-revision 1.4)
)) ("C:\Program Files\MiKTeX 2.9\tex\generic\pgf\basiclayer\pgfcore.code.tex"
Package: pgfcore 2010/04/11 v3.0.1a (rcs-revision 1.7)
 ("C:\Program Files\MiKTeX 2.9\tex\generic\pgf\math\pgfmath.code.tex"
("C:\Program Files\MiKTeX 2.9\tex\generic\pgf\math\pgfmathcalc.code.tex"
("C:\Program Files\MiKTeX 2.9\tex\generic\pgf\math\pgfmathutil.code.tex")
("C:\Program Files\MiKTeX 2.9\tex\generic\pgf\math\pgfmathparser.code.tex"
\pgfmath@dimen=\dimen149
\pgfmath@count=\count131
\pgfmath@box=\box31
\pgfmath@toks=\toks32
\pgfmath@stack@operand=\toks33
\pgfmath@stack@operation=\toks34
)
("C:\Program Files\MiKTeX 2.9\tex\generic\pgf\math\pgfmathfunctions.code.tex"
("C:\Program Files\MiKTeX 2.9\tex\generic\pgf\math\pgfmathfunctions.basic.code.
tex")
("C:\Program Files\MiKTeX 2.9\tex\generic\pgf\math\pgfmathfunctions.trigonometr
ic.code.tex")
("C:\Program Files\MiKTeX 2.9\tex\generic\pgf\math\pgfmathfunctions.random.code
.tex")
("C:\Program Files\MiKTeX 2.9\tex\generic\pgf\math\pgfmathfunctions.comparison.
code.tex")
("C:\Program Files\MiKTeX 2.9\tex\generic\pgf\math\pgfmathfunctions.base.code.t
ex")
("C:\Program Files\MiKTeX 2.9\tex\generic\pgf\math\pgfmathfunctions.round.code.
tex")
("C:\Program Files\MiKTeX 2.9\tex\generic\pgf\math\pgfmathfunctions.misc.code.t
ex")
("C:\Program Files\MiKTeX 2.9\tex\generic\pgf\math\pgfmathfunctions.integerarit
hmetics.code.tex")))
("C:\Program Files\MiKTeX 2.9\tex\generic\pgf\math\pgfmathfloat.code.tex"
\c@pgfmathroundto@lastzeros=\count132
))
("C:\Program Files\MiKTeX 2.9\tex\generic\pgf\basiclayer\pgfcorepoints.code.tex
"
File: pgfcorepoints.code.tex 2013/10/07  (rcs-revision 1.27)
\pgf@picminx=\dimen150
\pgf@picmaxx=\dimen151
\pgf@picminy=\dimen152
\pgf@picmaxy=\dimen153
\pgf@pathminx=\dimen154
\pgf@pathmaxx=\dimen155
\pgf@pathminy=\dimen156
\pgf@pathmaxy=\dimen157
\pgf@xx=\dimen158
\pgf@xy=\dimen159
\pgf@yx=\dimen160
\pgf@yy=\dimen161
\pgf@zx=\dimen162
\pgf@zy=\dimen163
)
("C:\Program Files\MiKTeX 2.9\tex\generic\pgf\basiclayer\pgfcorepathconstruct.c
ode.tex"
File: pgfcorepathconstruct.code.tex 2013/10/07  (rcs-revision 1.29)
\pgf@path@lastx=\dimen164
\pgf@path@lasty=\dimen165
)
("C:\Program Files\MiKTeX 2.9\tex\generic\pgf\basiclayer\pgfcorepathusage.code.
tex"
File: pgfcorepathusage.code.tex 2014/11/02  (rcs-revision 1.24)
\pgf@shorten@end@additional=\dimen166
\pgf@shorten@start@additional=\dimen167
)
("C:\Program Files\MiKTeX 2.9\tex\generic\pgf\basiclayer\pgfcorescopes.code.tex
"
File: pgfcorescopes.code.tex 2015/05/08  (rcs-revision 1.46)
\pgfpic=\box32
\pgf@hbox=\box33
\pgf@layerbox@main=\box34
\pgf@picture@serial@count=\count133
)
("C:\Program Files\MiKTeX 2.9\tex\generic\pgf\basiclayer\pgfcoregraphicstate.co
de.tex"
File: pgfcoregraphicstate.code.tex 2014/11/02  (rcs-revision 1.12)
\pgflinewidth=\dimen168
)
("C:\Program Files\MiKTeX 2.9\tex\generic\pgf\basiclayer\pgfcoretransformations
.code.tex"
File: pgfcoretransformations.code.tex 2015/08/07  (rcs-revision 1.20)
\pgf@pt@x=\dimen169
\pgf@pt@y=\dimen170
\pgf@pt@temp=\dimen171
)
("C:\Program Files\MiKTeX 2.9\tex\generic\pgf\basiclayer\pgfcorequick.code.tex"
File: pgfcorequick.code.tex 2008/10/09  (rcs-revision 1.3)
)
("C:\Program Files\MiKTeX 2.9\tex\generic\pgf\basiclayer\pgfcoreobjects.code.te
x"
File: pgfcoreobjects.code.tex 2006/10/11  (rcs-revision 1.2)
)
("C:\Program Files\MiKTeX 2.9\tex\generic\pgf\basiclayer\pgfcorepathprocessing.
code.tex"
File: pgfcorepathprocessing.code.tex 2013/09/09  (rcs-revision 1.9)
)
("C:\Program Files\MiKTeX 2.9\tex\generic\pgf\basiclayer\pgfcorearrows.code.tex
"
File: pgfcorearrows.code.tex 2015/05/14  (rcs-revision 1.43)
\pgfarrowsep=\dimen172
)
("C:\Program Files\MiKTeX 2.9\tex\generic\pgf\basiclayer\pgfcoreshade.code.tex"
File: pgfcoreshade.code.tex 2013/07/15  (rcs-revision 1.15)
\pgf@max=\dimen173
\pgf@sys@shading@range@num=\count134
) ("C:\Program Files\MiKTeX 2.9\tex\generic\pgf\basiclayer\pgfcoreimage.code.te
x"
File: pgfcoreimage.code.tex 2013/07/15  (rcs-revision 1.18)

("C:\Program Files\MiKTeX 2.9\tex\generic\pgf\basiclayer\pgfcoreexternal.code.t
ex"
File: pgfcoreexternal.code.tex 2014/07/09  (rcs-revision 1.21)
\pgfexternal@startupbox=\box35
))
("C:\Program Files\MiKTeX 2.9\tex\generic\pgf\basiclayer\pgfcorelayers.code.tex
"
File: pgfcorelayers.code.tex 2013/07/18  (rcs-revision 1.7)
)
("C:\Program Files\MiKTeX 2.9\tex\generic\pgf\basiclayer\pgfcoretransparency.co
de.tex"
File: pgfcoretransparency.code.tex 2013/09/30  (rcs-revision 1.5)
)
("C:\Program Files\MiKTeX 2.9\tex\generic\pgf\basiclayer\pgfcorepatterns.code.t
ex"
File: pgfcorepatterns.code.tex 2013/11/07  (rcs-revision 1.5)
)))
("C:\Program Files\MiKTeX 2.9\tex\generic\pgf\modules\pgfmoduleshapes.code.tex"
File: pgfmoduleshapes.code.tex 2014/03/21  (rcs-revision 1.35)
\pgfnodeparttextbox=\box36
) ("C:\Program Files\MiKTeX 2.9\tex\generic\pgf\modules\pgfmoduleplot.code.tex"
File: pgfmoduleplot.code.tex 2015/08/03  (rcs-revision 1.13)
)
("C:\Program Files\MiKTeX 2.9\tex\latex\pgf\compatibility\pgfcomp-version-0-65.
sty"
Package: pgfcomp-version-0-65 2007/07/03 v3.0.1a (rcs-revision 1.7)
\pgf@nodesepstart=\dimen174
\pgf@nodesepend=\dimen175
)
("C:\Program Files\MiKTeX 2.9\tex\latex\pgf\compatibility\pgfcomp-version-1-18.
sty"
Package: pgfcomp-version-1-18 2007/07/23 v3.0.1a (rcs-revision 1.1)
)) ("C:\Program Files\MiKTeX 2.9\tex\latex\pgf\utilities\pgffor.sty"
("C:\Program Files\MiKTeX 2.9\tex\latex\pgf\math\pgfmath.sty"
("C:\Program Files\MiKTeX 2.9\tex\generic\pgf\math\pgfmath.code.tex"))
("C:\Program Files\MiKTeX 2.9\tex\generic\pgf\utilities\pgffor.code.tex"
Package: pgffor 2013/12/13 v3.0.1a (rcs-revision 1.25)

("C:\Program Files\MiKTeX 2.9\tex\generic\pgf\math\pgfmath.code.tex")
\pgffor@iter=\dimen176
\pgffor@skip=\dimen177
\pgffor@stack=\toks35
\pgffor@toks=\toks36
))
("C:\Program Files\MiKTeX 2.9\tex\generic\pgf\frontendlayer\tikz\tikz.code.tex"
Package: tikz 2015/08/07 v3.0.1a (rcs-revision 1.151)

("C:\Program Files\MiKTeX 2.9\tex\generic\pgf\libraries\pgflibraryplothandlers.
code.tex"
File: pgflibraryplothandlers.code.tex 2013/08/31 v3.0.1a (rcs-revision 1.20)
\pgf@plot@mark@count=\count135
\pgfplotmarksize=\dimen178
)
\tikz@lastx=\dimen179
\tikz@lasty=\dimen180
\tikz@lastxsaved=\dimen181
\tikz@lastysaved=\dimen182
\tikzleveldistance=\dimen183
\tikzsiblingdistance=\dimen184
\tikz@figbox=\box37
\tikz@figbox@bg=\box38
\tikz@tempbox=\box39
\tikz@tempbox@bg=\box40
\tikztreelevel=\count136
\tikznumberofchildren=\count137
\tikznumberofcurrentchild=\count138
\tikz@fig@count=\count139

("C:\Program Files\MiKTeX 2.9\tex\generic\pgf\modules\pgfmodulematrix.code.tex"
File: pgfmodulematrix.code.tex 2013/09/17  (rcs-revision 1.8)
\pgfmatrixcurrentrow=\count140
\pgfmatrixcurrentcolumn=\count141
\pgf@matrix@numberofcolumns=\count142
)
\tikz@expandcount=\count143

("C:\Program Files\MiKTeX 2.9\tex\generic\pgf\frontendlayer\tikz\libraries\tikz
librarytopaths.code.tex"
File: tikzlibrarytopaths.code.tex 2008/06/17 v3.0.1a (rcs-revision 1.2)
)))
("C:\Program Files\MiKTeX 2.9\tex\generic\pgf\frontendlayer\tikz\libraries\tikz
librarypositioning.code.tex"
File: tikzlibrarypositioning.code.tex 2008/10/06 v3.0.1a (rcs-revision 1.7)
)
("C:\Program Files\MiKTeX 2.9\tex\latex\tools\calc.sty"
Package: calc 2014/10/28 v4.3 Infix arithmetic (KKT,FJ)
\calc@Acount=\count144
\calc@Bcount=\count145
\calc@Adimen=\dimen185
\calc@Bdimen=\dimen186
\calc@Askip=\skip46
\calc@Bskip=\skip47
LaTeX Info: Redefining \setlength on input line 80.
LaTeX Info: Redefining \addtolength on input line 81.
\calc@Ccount=\count146
\calc@Cskip=\skip48
)
\c@@todonotes@numberoftodonotes=\count147
)
("C:\Program Files\MiKTeX 2.9\tex\latex\geometry\geometry.sty"
Package: geometry 2010/09/12 v5.6 Page Geometry

("C:\Program Files\MiKTeX 2.9\tex\generic\oberdiek\ifpdf.sty"
Package: ifpdf 2016/05/14 v3.1 Provides the ifpdf switch
)
("C:\Program Files\MiKTeX 2.9\tex\generic\oberdiek\ifvtex.sty"
Package: ifvtex 2016/05/16 v1.6 Detect VTeX and its facilities (HO)
Package ifvtex Info: VTeX not detected.
)
("C:\Program Files\MiKTeX 2.9\tex\generic\ifxetex\ifxetex.sty"
Package: ifxetex 2010/09/12 v0.6 Provides ifxetex conditional
)
\Gm@cnth=\count148
\Gm@cntv=\count149
\c@Gm@tempcnt=\count150
\Gm@bindingoffset=\dimen187
\Gm@wd@mp=\dimen188
\Gm@odd@mp=\dimen189
\Gm@even@mp=\dimen190
\Gm@layoutwidth=\dimen191
\Gm@layoutheight=\dimen192
\Gm@layouthoffset=\dimen193
\Gm@layoutvoffset=\dimen194
\Gm@dimlist=\toks37

("C:\Program Files\MiKTeX 2.9\tex\latex\geometry\geometry.cfg"))
\c@theorem=\count151
\c@remark=\count152


LaTeX Warning: Writing file `./normal.csv'.

\openout15 = `normal.csv'.



LaTeX Warning: Writing file `./uniform.csv'.

\openout15 = `uniform.csv'.



LaTeX Warning: Writing file `./expo.csv'.

\openout15 = `expo.csv'.


No file KarinaMarks-Project.aux.
\openout1 = `KarinaMarks-Project.aux'.

LaTeX Font Info:    Checking defaults for OML/cmm/m/it on input line 71.
LaTeX Font Info:    ... okay on input line 71.
LaTeX Font Info:    Checking defaults for T1/cmr/m/n on input line 71.
LaTeX Font Info:    ... okay on input line 71.
LaTeX Font Info:    Checking defaults for OT1/cmr/m/n on input line 71.
LaTeX Font Info:    ... okay on input line 71.
LaTeX Font Info:    Checking defaults for OMS/cmsy/m/n on input line 71.
LaTeX Font Info:    ... okay on input line 71.
LaTeX Font Info:    Checking defaults for OMX/cmex/m/n on input line 71.
LaTeX Font Info:    ... okay on input line 71.
LaTeX Font Info:    Checking defaults for U/cmr/m/n on input line 71.
LaTeX Font Info:    ... okay on input line 71.
("C:\Program Files\MiKTeX 2.9\tex\context\base\supp-pdf.mkii"
[Loading MPS to PDF converter (version 2006.09.02).]
\scratchcounter=\count153
\scratchdimen=\dimen195
\scratchbox=\box41
\nofMPsegments=\count154
\nofMParguments=\count155
\everyMPshowfont=\toks38
\MPscratchCnt=\count156
\MPscratchDim=\dimen196
\MPnumerator=\count157
\makeMPintoPDFobject=\count158
\everyMPtoPDFconversion=\toks39
) ("C:\Program Files\MiKTeX 2.9\tex\generic\oberdiek\pdftexcmds.sty"
Package: pdftexcmds 2016/05/21 v0.22 Utility functions of pdfTeX for LuaTeX (HO
)

("C:\Program Files\MiKTeX 2.9\tex\generic\oberdiek\ifluatex.sty"
Package: ifluatex 2016/05/16 v1.4 Provides the ifluatex switch (HO)
Package ifluatex Info: LuaTeX not detected.
)
Package pdftexcmds Info: LuaTeX not detected.
Package pdftexcmds Info: \pdf@primitive is available.
Package pdftexcmds Info: \pdf@ifprimitive is available.
Package pdftexcmds Info: \pdfdraftmode found.
)
("C:\Program Files\MiKTeX 2.9\tex\latex\oberdiek\epstopdf-base.sty"
Package: epstopdf-base 2016/05/15 v2.6 Base part for package epstopdf

("C:\Program Files\MiKTeX 2.9\tex\latex\oberdiek\grfext.sty"
Package: grfext 2016/05/16 v1.2 Manage graphics extensions (HO)

("C:\Program Files\MiKTeX 2.9\tex\generic\oberdiek\kvdefinekeys.sty"
Package: kvdefinekeys 2016/05/16 v1.4 Define keys (HO)
))
("C:\Program Files\MiKTeX 2.9\tex\latex\oberdiek\kvoptions.sty"
Package: kvoptions 2016/05/16 v3.12 Key value format for package options (HO)

("C:\Program Files\MiKTeX 2.9\tex\generic\oberdiek\kvsetkeys.sty"
Package: kvsetkeys 2016/05/16 v1.17 Key value parser (HO)

("C:\Program Files\MiKTeX 2.9\tex\generic\oberdiek\etexcmds.sty"
Package: etexcmds 2016/05/16 v1.6 Avoid name clashes with e-TeX commands (HO)
Package etexcmds Info: Could not find \expanded.
(etexcmds)             That can mean that you are not using pdfTeX 1.50 or
(etexcmds)             that some package has redefined \expanded.
(etexcmds)             In the latter case, load this package earlier.
)))
Package epstopdf-base Info: Redefining graphics rule for `.eps' on input line 4
38.
Package grfext Info: Graphics extension search list:
(grfext)             [.png,.pdf,.jpg,.mps,.jpeg,.jbig2,.jb2,.PNG,.PDF,.JPG,.JPE
G,.JBIG2,.JB2,.eps]
(grfext)             \AppendGraphicsExtensions on input line 456.
)
\c@lstlisting=\count159
Package caption Info: Begin \AtBeginDocument code.
Package caption Info: End \AtBeginDocument code.

ABD: EveryShipout initializing macros
*geometry* driver: auto-detecting
*geometry* detected driver: pdftex
*geometry* verbose mode - [ preamble ] result:
* driver: pdftex
* paper: a4paper
* layout: <same size as paper>
* layoutoffset:(h,v)=(0.0pt,0.0pt)
* modes: 
* h-part:(L,W,R)=(81.94394pt, 433.62pt, 81.94394pt)
* v-part:(T,H,B)=(106.75473pt, 578.15999pt, 160.13213pt)
* \paperwidth=597.50787pt
* \paperheight=845.04684pt
* \textwidth=433.62pt
* \textheight=578.15999pt
* \oddsidemargin=9.67395pt
* \evensidemargin=9.67395pt
* \topmargin=-2.51526pt
* \headheight=12.0pt
* \headsep=25.0pt
* \topskip=12.0pt
* \footskip=30.0pt
* \marginparwidth=44.0pt
* \marginparsep=10.0pt
* \columnsep=10.0pt
* \skip\footins=10.8pt plus 4.0pt minus 2.0pt
* \hoffset=0.0pt
* \voffset=0.0pt
* \mag=1000
* \@twocolumnfalse
* \@twosidefalse
* \@mparswitchfalse
* \@reversemarginfalse
* (1in=72.27pt=25.4mm, 1cm=28.453pt)

LaTeX Font Info:    Try loading font information for U+msa on input line 90.
("C:\Program Files\MiKTeX 2.9\tex\latex\amsfonts\umsa.fd"
File: umsa.fd 2013/01/14 v3.01 AMS symbols A
)
LaTeX Font Info:    Try loading font information for U+msb on input line 90.

("C:\Program Files\MiKTeX 2.9\tex\latex\amsfonts\umsb.fd"
File: umsb.fd 2013/01/14 v3.01 AMS symbols B
)
<logo.png, id=4, 229.85875pt x 220.825pt>
File: logo.png Graphic file (type png)
 <use logo.png>
Package pdftex.def Info: logo.png used on input line 101.
(pdftex.def)             Requested size: 173.44534pt x 166.63593pt.
 [1

{C:/ProgramData/MiKTeX/2.9/pdftex/config/pdftex.map} <C:/Users/Gemma/Documents/
Entropy-Estimators/WriteUp/logo.png>]
No file KarinaMarks-Project.toc.
\tf@toc=\write5
\openout5 = `KarinaMarks-Project.toc'.

[1

]
Chapter 1.

LaTeX Warning: Citation `entdef' on page 2 undefined on input line 118.


LaTeX Warning: Citation `paper7' on page 2 undefined on input line 118.


LaTeX Warning: Citation `book2' on page 2 undefined on input line 125.


LaTeX Warning: Reference `ShaEnt' on page 2 undefined on input line 135.

[2

]

LaTeX Warning: Reference `RenEnt' on page 3 undefined on input line 154.


LaTeX Warning: Reference `TsaEnt' on page 3 undefined on input line 154.


LaTeX Warning: Reference `ShaEnt' on page 3 undefined on input line 154.


LaTeX Warning: Citation `paper8' on page 3 undefined on input line 163.


LaTeX Warning: Citation `book1' on page 3 undefined on input line 163.

[3]

LaTeX Warning: Citation `book2' on page 4 undefined on input line 165.


LaTeX Warning: Citation `paper8' on page 4 undefined on input line 180.

[4]

LaTeX Warning: Citation `book3' on page 5 undefined on input line 186.


LaTeX Warning: Citation `paper2' on page 5 undefined on input line 188.


LaTeX Warning: Citation `paper5' on page 5 undefined on input line 190.


LaTeX Warning: Citation `paper5' on page 5 undefined on input line 200.

[5]

LaTeX Warning: Citation `ICA1' on page 6 undefined on input line 221.


LaTeX Warning: Citation `ICA2' on page 6 undefined on input line 221.


LaTeX Warning: Citation `IM2' on page 6 undefined on input line 223.


LaTeX Warning: Citation `IM1' on page 6 undefined on input line 223.


LaTeX Warning: Citation `IM3' on page 6 undefined on input line 223.


LaTeX Warning: Citation `book1' on page 6 undefined on input line 223.

[6]

LaTeX Warning: Citation `gen1' on page 7 undefined on input line 225.


LaTeX Warning: Citation `speech1' on page 7 undefined on input line 227.


LaTeX Warning: Citation `speech2' on page 7 undefined on input line 227.


LaTeX Warning: Citation `stat1' on page 7 undefined on input line 229.


LaTeX Warning: Citation `stat2' on page 7 undefined on input line 229.


LaTeX Warning: Citation `stat3' on page 7 undefined on input line 229.


LaTeX Warning: Citation `stat4' on page 7 undefined on input line 229.


LaTeX Warning: Citation `paper10' on page 7 undefined on input line 236.


LaTeX Warning: Citation `paper7' on page 7 undefined on input line 236.

[7]
LaTeX Font Info:    Try loading font information for OMS+cmr on input line 241.

 ("C:\Program Files\MiKTeX 2.9\tex\latex\base\omscmr.fd"
File: omscmr.fd 2014/09/29 v2.5h Standard LaTeX font definitions
)
LaTeX Font Info:    Font shape `OMS/cmr/m/n' in size <12> not available
(Font)              Font shape `OMS/cmsy/m/n' tried instead on input line 241.


LaTeX Warning: Reference `efficient' on page 8 undefined on input line 262.


LaTeX Warning: Reference `focus' on page 8 undefined on input line 266.


LaTeX Warning: Citation `paper10' on page 8 undefined on input line 268.


LaTeX Warning: Citation `paper7' on page 8 undefined on input line 268.


LaTeX Warning: Citation `intest1' on page 8 undefined on input line 272.


LaTeX Warning: Citation `intest2' on page 8 undefined on input line 272.

[8]

LaTeX Warning: Citation `resest1' on page 9 undefined on input line 278.


LaTeX Warning: Citation `intest2' on page 9 undefined on input line 278.


LaTeX Warning: Citation `resest2' on page 9 undefined on input line 278.


LaTeX Warning: Citation `paper10' on page 9 undefined on input line 280.


LaTeX Warning: Citation `spacest1' on page 9 undefined on input line 282.


LaTeX Warning: Citation `spacest2' on page 9 undefined on input line 282.

[9]

LaTeX Warning: Reference `focus' on page 10 undefined on input line 290.


LaTeX Warning: Citation `spacest1' on page 10 undefined on input line 290.


LaTeX Warning: Citation `spacest2' on page 10 undefined on input line 290.


LaTeX Warning: Citation `paper10' on page 10 undefined on input line 296.


LaTeX Warning: Citation `paper10' on page 10 undefined on input line 298.


LaTeX Warning: Citation `paper4' on page 10 undefined on input line 298.

[10]
Chapter 2.

LaTeX Warning: Citation `paper1' on page 11 undefined on input line 309.


LaTeX Warning: Citation `paper2' on page 11 undefined on input line 311.


LaTeX Warning: Citation `paper4' on page 11 undefined on input line 313.

[11

]

LaTeX Warning: Citation `paper3' on page 12 undefined on input line 315.


Overfull \hbox (6.8265pt too wide) in paragraph at lines 315--316
[]\OT1/cmr/m/n/12 Lastly, also in 2016, S.Delattre and N.Fournier wrote the pa-
per; \OT1/cmr/m/it/12 On the Kozachenko-
 []


LaTeX Warning: Citation `paper1' on page 12 undefined on input line 320.


LaTeX Warning: Reference `otherestimators' on page 12 undefined on input line 3
20.


Overfull \hbox (33.18022pt too wide) in paragraph at lines 328--329
[]\OT1/cmr/m/n/12 It is im-por-tant to note that one can write the Eu-ler con-s
tant $\OMS/cmsy/m/n/12  \OT1/cmr/m/n/12 	(1) = []([](\OMS/cmsy/m/n/12  \OT1/cmr
/m/n/12 	(1))) =
 []

[12]

LaTeX Warning: Citation `paper2' on page 13 undefined on input line 345.

[13]

LaTeX Warning: Reference `Est_k=1' on page 14 undefined on input line 358.

[14]

LaTeX Warning: Citation `paper4' on page 15 undefined on input line 368.


Overfull \hbox (4.56067pt too wide) in paragraph at lines 368--369
\OT1/cmr/m/it/12 Es-ti-ma-tion via k-Nearest Neigh-bour Dis-tances \OT1/cmr/m/n
/12 (T.Berrett, R.Samworth, M.Yuan, 2016)
 []


LaTeX Warning: Reference `fixed_k' on page 15 undefined on input line 370.


LaTeX Warning: Citation `paper4' on page 15 undefined on input line 387.

[15]

LaTeX Warning: Reference `otherestimators' on page 16 undefined on input line 3
97.

[16]

LaTeX Warning: Reference `Rho' on page 17 undefined on input line 431.


LaTeX Warning: Reference `Volume' on page 17 undefined on input line 431.


LaTeX Warning: Reference `Psi' on page 17 undefined on input line 431.


LaTeX Warning: Reference `dependent_k' on page 17 undefined on input line 438.


LaTeX Warning: Reference `A1' on page 17 undefined on input line 438.


LaTeX Warning: Reference `A2' on page 17 undefined on input line 438.


LaTeX Warning: Reference `A3' on page 17 undefined on input line 438.


LaTeX Warning: Reference `unbias' on page 17 undefined on input line 438.


LaTeX Warning: Reference `efficient' on page 17 undefined on input line 438.

[17]

LaTeX Warning: Reference `A1' on page 18 undefined on input line 461.


LaTeX Warning: Reference `A2' on page 18 undefined on input line 461.


LaTeX Warning: Reference `A1' on page 18 undefined on input line 469.


LaTeX Warning: Reference `A2' on page 18 undefined on input line 469.


Overfull \hbox (0.75235pt too wide) in paragraph at lines 469--470
[]\OT1/cmr/m/it/12 Assume that Con-di-tions [] and [] hold
 []


LaTeX Warning: Reference `A1' on page 18 undefined on input line 478.


LaTeX Warning: Reference `A2' on page 18 undefined on input line 478.


LaTeX Warning: Reference `A3' on page 18 undefined on input line 478.


LaTeX Warning: Reference `A1' on page 18 undefined on input line 490.


LaTeX Warning: Reference `A2' on page 18 undefined on input line 490.


LaTeX Warning: Reference `A3' on page 18 undefined on input line 490.


LaTeX Warning: Citation `paper6' on page 18 undefined on input line 490.

[18]

LaTeX Warning: Reference `dependent_k' on page 19 undefined on input line 494.


LaTeX Warning: Reference `efficient' on page 19 undefined on input line 500.


LaTeX Warning: Reference `unbias' on page 19 undefined on input line 500.


LaTeX Warning: Citation `paper3' on page 19 undefined on input line 504.


LaTeX Warning: Citation `paper4' on page 19 undefined on input line 509.


LaTeX Warning: Reference `history' on page 19 undefined on input line 515.

[19] [20]
Chapter 3.

LaTeX Warning: Reference `KLest' on page 21 undefined on input line 529.


LaTeX Warning: Reference `A1' on page 21 undefined on input line 529.


LaTeX Warning: Reference `A2' on page 21 undefined on input line 529.


LaTeX Warning: Reference `A3' on page 21 undefined on input line 529.


LaTeX Warning: Reference `unbias' on page 21 undefined on input line 529.


LaTeX Warning: Reference `efficient' on page 21 undefined on input line 529.


LaTeX Warning: Reference `unbias' on page 21 undefined on input line 531.


LaTeX Warning: Reference `unbias_equation' on page 21 undefined on input line 5
31.


LaTeX Warning: Citation `paper3' on page 21 undefined on input line 535.


LaTeX Warning: Citation `paper4' on page 21 undefined on input line 535.


LaTeX Warning: Reference `bias' on page 21 undefined on input line 535.

[21

]

LaTeX Warning: Reference `bias' on page 22 undefined on input line 540.


LaTeX Warning: Reference `fixedkbias' on page 22 undefined on input line 540.


LaTeX Warning: Reference `dependentkbias' on page 22 undefined on input line 54
0.


LaTeX Warning: Reference `A3' on page 22 undefined on input line 546.


LaTeX Warning: Reference `logbias' on page 22 undefined on input line 548.


Overfull \hbox (3.19221pt too wide) in paragraph at lines 548--549
\OT1/cmr/m/n/12 of the lin-ear re-la-tion-ship shown in equa-tion [], of $\OML/
cmm/m/it/12 log\OT1/cmr/m/n/12 (\OML/cmm/m/it/12 N\OT1/cmr/m/n/12 )$ against $\
OML/cmm/m/it/12 log\OMS/cmsy/m/n/12 j\OML/cmm/m/it/12 Bias\OT1/cmr/m/n/12 ([])\
OMS/cmsy/m/n/12 j$
 []

[22]

LaTeX Warning: Citation `regression1' on page 23 undefined on input line 550.


LaTeX Warning: Reference `bias' on page 23 undefined on input line 550.


LaTeX Warning: Reference `ShaEnt' on page 23 undefined on input line 560.

[23]

LaTeX Warning: Reference `NormalEnt' on page 24 undefined on input line 573.


LaTeX Warning: Reference `KLest_d=1' on page 24 undefined on input line 578.


LaTeX Warning: Reference `A1' on page 24 undefined on input line 585.


LaTeX Warning: Reference `A2' on page 24 undefined on input line 585.


LaTeX Warning: Reference `A3' on page 24 undefined on input line 585.


LaTeX Warning: Reference `A1' on page 24 undefined on input line 585.

[24]

LaTeX Warning: Reference `unbias' on page 25 undefined on input line 607.


LaTeX Warning: Reference `efficient' on page 25 undefined on input line 607.

[25]

LaTeX Warning: Reference `A1' on page 26 undefined on input line 617.


LaTeX Warning: Reference `A2' on page 26 undefined on input line 617.


LaTeX Warning: Reference `A3' on page 26 undefined on input line 623.


LaTeX Warning: Reference `unbias' on page 26 undefined on input line 623.


LaTeX Warning: Reference `efficient' on page 26 undefined on input line 623.


LaTeX Warning: Reference `unbias' on page 26 undefined on input line 631.


LaTeX Warning: Reference `efficient' on page 26 undefined on input line 631.

[26]

LaTeX Warning: Reference `A1' on page 27 undefined on input line 633.


LaTeX Warning: Reference `A2' on page 27 undefined on input line 633.


LaTeX Warning: Reference `A3' on page 27 undefined on input line 633.


LaTeX Warning: Reference `unbias' on page 27 undefined on input line 633.


LaTeX Warning: Reference `efficient' on page 27 undefined on input line 633.


LaTeX Warning: Reference `logbias' on page 27 undefined on input line 638.


LaTeX Warning: Reference `appendix_data' on page 27 undefined on input line 665
.


LaTeX Warning: Reference `normal_kcompare_table' on page 27 undefined on input 
line 665.


LaTeX Warning: Reference `unbias' on page 27 undefined on input line 665.


LaTeX Warning: Reference `efficient' on page 27 undefined on input line 665.


LaTeX Warning: Reference `A3' on page 27 undefined on input line 665.

[27] [28]

LaTeX Warning: Reference `normal_k5_table' on page 29 undefined on input line 6
71.


LaTeX Warning: Reference `logbias' on page 29 undefined on input line 697.


LaTeX Warning: Reference `normal_graphs16' on page 29 undefined on input line 6
97.


LaTeX Warning: Reference `normal_graphs711' on page 29 undefined on input line 
697.

<./Graphs/Best/Normal_k=1.png, id=112, 455.45157pt x 268.75406pt>
File: ./Graphs/Best/Normal_k=1.png Graphic file (type png)

<use ./Graphs/Best/Normal_k=1.png>
Package pdftex.def Info: ./Graphs/Best/Normal_k=1.png used on input line 711.
(pdftex.def)             Requested size: 260.17464pt x 153.52766pt.

<./Graphs/Best/Normal_k=2.png, id=113, 455.45157pt x 268.75406pt>
File: ./Graphs/Best/Normal_k=2.png Graphic file (type png)

<use ./Graphs/Best/Normal_k=2.png>
Package pdftex.def Info: ./Graphs/Best/Normal_k=2.png used on input line 711.
(pdftex.def)             Requested size: 260.17464pt x 153.52766pt.

<./Graphs/Best/Normal_k=3.png, id=114, 455.45157pt x 268.75406pt>
File: ./Graphs/Best/Normal_k=3.png Graphic file (type png)

<use ./Graphs/Best/Normal_k=3.png>
Package pdftex.def Info: ./Graphs/Best/Normal_k=3.png used on input line 722.
(pdftex.def)             Requested size: 260.17464pt x 153.52766pt.

<./Graphs/Best/Normal_k=4.png, id=115, 455.45157pt x 268.75406pt>
File: ./Graphs/Best/Normal_k=4.png Graphic file (type png)

<use ./Graphs/Best/Normal_k=4.png>
Package pdftex.def Info: ./Graphs/Best/Normal_k=4.png used on input line 722.
(pdftex.def)             Requested size: 260.17464pt x 153.52766pt.

<./Graphs/Best/Normal_k=5.png, id=116, 455.45157pt x 268.75406pt>
File: ./Graphs/Best/Normal_k=5.png Graphic file (type png)

<use ./Graphs/Best/Normal_k=5.png>
Package pdftex.def Info: ./Graphs/Best/Normal_k=5.png used on input line 733.
(pdftex.def)             Requested size: 260.17464pt x 153.52766pt.

<./Graphs/Best/Normal_k=6.png, id=117, 455.45157pt x 268.75406pt>
File: ./Graphs/Best/Normal_k=6.png Graphic file (type png)

<use ./Graphs/Best/Normal_k=6.png>
Package pdftex.def Info: ./Graphs/Best/Normal_k=6.png used on input line 733.
(pdftex.def)             Requested size: 260.17464pt x 153.52766pt.

<./Graphs/Best/Normal_k=7.png, id=118, 455.45157pt x 268.75406pt>
File: ./Graphs/Best/Normal_k=7.png Graphic file (type png)

<use ./Graphs/Best/Normal_k=7.png>
Package pdftex.def Info: ./Graphs/Best/Normal_k=7.png used on input line 750.
(pdftex.def)             Requested size: 260.17464pt x 153.52766pt.

<./Graphs/Best/Normal_k=8.png, id=119, 455.45157pt x 268.75406pt>
File: ./Graphs/Best/Normal_k=8.png Graphic file (type png)

<use ./Graphs/Best/Normal_k=8.png>
Package pdftex.def Info: ./Graphs/Best/Normal_k=8.png used on input line 750.
(pdftex.def)             Requested size: 260.17464pt x 153.52766pt.

<./Graphs/Best/Normal_k=9.png, id=120, 455.45157pt x 268.75406pt>
File: ./Graphs/Best/Normal_k=9.png Graphic file (type png)

<use ./Graphs/Best/Normal_k=9.png>
Package pdftex.def Info: ./Graphs/Best/Normal_k=9.png used on input line 761.
(pdftex.def)             Requested size: 260.17464pt x 153.52766pt.

<./Graphs/Best/Normal_k=10.png, id=121, 455.45157pt x 268.75406pt>
File: ./Graphs/Best/Normal_k=10.png Graphic file (type png)

<use ./Graphs/Best/Normal_k=10.png>
Package pdftex.def Info: ./Graphs/Best/Normal_k=10.png used on input line 761.
(pdftex.def)             Requested size: 260.17464pt x 153.52766pt.

<./Graphs/Best/Normal_k=11.png, id=122, 455.45157pt x 268.75406pt>
File: ./Graphs/Best/Normal_k=11.png Graphic file (type png)

<use ./Graphs/Best/Normal_k=11.png>
Package pdftex.def Info: ./Graphs/Best/Normal_k=11.png used on input line 767.
(pdftex.def)             Requested size: 260.17464pt x 153.52766pt.


LaTeX Warning: Reference `normal_rsq' on page 29 undefined on input line 771.

[29] [30] [31 <C:/Users/Gemma/Documents/Entropy-Estimators/WriteUp/Graphs/Best/
Normal_k=1.png> <C:/Users/Gemma/Documents/Entropy-Estimators/WriteUp/Graphs/Bes
t/Normal_k=2.png> <C:/Users/Gemma/Documents/Entropy-Estimators/WriteUp/Graphs/B
est/Normal_k=3.png> <C:/Users/Gemma/Documents/Entropy-Estimators/WriteUp/Graphs
/Best/Normal_k=4.png> <C:/Users/Gemma/Documents/Entropy-Estimators/WriteUp/Grap
hs/Best/Normal_k=5.png> <C:/Users/Gemma/Documents/Entropy-Estimators/WriteUp/Gr
aphs/Best/Normal_k=6.png>] [32 <C:/Users/Gemma/Documents/Entropy-Estimators/Wri
teUp/Graphs/Best/Normal_k=7.png> <C:/Users/Gemma/Documents/Entropy-Estimators/W
riteUp/Graphs/Best/Normal_k=8.png> <C:/Users/Gemma/Documents/Entropy-Estimators
/WriteUp/Graphs/Best/Normal_k=9.png> <C:/Users/Gemma/Documents/Entropy-Estimato
rs/WriteUp/Graphs/Best/Normal_k=10.png> <C:/Users/Gemma/Documents/Entropy-Estim
ators/WriteUp/Graphs/Best/Normal_k=11.png>] [33]

LaTeX Warning: Reference `normal_a_c_compare_table' on page 34 undefined on inp
ut line 801.


LaTeX Warning: Reference `bias' on page 34 undefined on input line 804.


LaTeX Warning: Reference `bias' on page 34 undefined on input line 804.


LaTeX Warning: Reference `bias' on page 34 undefined on input line 827.


LaTeX Warning: Reference `focus' on page 34 undefined on input line 829.


LaTeX Warning: Reference `fixedkbias' on page 34 undefined on input line 829.


LaTeX Warning: Reference `dependentkbias' on page 34 undefined on input line 82
9.


LaTeX Warning: Reference `normal_dependentk' on page 34 undefined on input line
 829.


LaTeX Warning: Reference `normal_a_c_compare_table' on page 34 undefined on inp
ut line 829.


LaTeX Warning: Reference `c_k_normal' on page 34 undefined on input line 829.

[34] <./Graphs/Best/NormalcVk.png, id=155, 455.45157pt x 268.75406pt>
File: ./Graphs/Best/NormalcVk.png Graphic file (type png)

<use ./Graphs/Best/NormalcVk.png>
Package pdftex.def Info: ./Graphs/Best/NormalcVk.png used on input line 868.
(pdftex.def)             Requested size: 260.17464pt x 153.52766pt.

<./Graphs/Best/NormalcVk2.png, id=156, 455.45157pt x 268.75406pt>
File: ./Graphs/Best/NormalcVk2.png Graphic file (type png)

<use ./Graphs/Best/NormalcVk2.png>
Package pdftex.def Info: ./Graphs/Best/NormalcVk2.png used on input line 868.
(pdftex.def)             Requested size: 260.17464pt x 153.52766pt.


LaTeX Warning: Reference `c_k_normal' on page 35 undefined on input line 872.


LaTeX Warning: Reference `c_k_normal' on page 35 undefined on input line 872.


LaTeX Warning: Reference `dependentkbias' on page 35 undefined on input line 87
2.


LaTeX Warning: Reference `normal_comparison_graph' on page 35 undefined on inpu
t line 874.

[35] <./Graphs/Best/NormalComparison.png, id=160, 455.45157pt x 268.75406pt>
File: ./Graphs/Best/NormalComparison.png Graphic file (type png)

<use ./Graphs/Best/NormalComparison.png>
Package pdftex.def Info: ./Graphs/Best/NormalComparison.png used on input line 
878.
(pdftex.def)             Requested size: 390.25534pt x 230.28741pt.


LaTeX Warning: Reference `normal_comparison_graph_zoom' on page 36 undefined on
 input line 884.

<./Graphs/Best/NormalComparisonZoom.png, id=161, 455.45157pt x 268.75406pt>
File: ./Graphs/Best/NormalComparisonZoom.png Graphic file (type png)

<use ./Graphs/Best/NormalComparisonZoom.png>
Package pdftex.def Info: ./Graphs/Best/NormalComparisonZoom.png used on input l
ine 888.
(pdftex.def)             Requested size: 390.25534pt x 230.28741pt.


LaTeX Warning: Reference `normal_comparison_graph' on page 36 undefined on inpu
t line 890.


LaTeX Warning: Reference `normal_comparison_graph' on page 36 undefined on inpu
t line 890.

[36 <C:/Users/Gemma/Documents/Entropy-Estimators/WriteUp/Graphs/Best/NormalcVk.
png> <C:/Users/Gemma/Documents/Entropy-Estimators/WriteUp/Graphs/Best/NormalcVk
2.png>] [37 <C:/Users/Gemma/Documents/Entropy-Estimators/WriteUp/Graphs/Best/No
rmalComparison.png> <C:/Users/Gemma/Documents/Entropy-Estimators/WriteUp/Graphs
/Best/NormalComparisonZoom.png>]

LaTeX Warning: Reference `ShaEnt' on page 38 undefined on input line 915.


LaTeX Warning: Reference `KLest_d=1' on page 38 undefined on input line 927.

[38]

LaTeX Warning: Reference `unbias' on page 39 undefined on input line 942.


LaTeX Warning: Reference `efficient' on page 39 undefined on input line 942.


LaTeX Warning: Reference `A1' on page 39 undefined on input line 942.


LaTeX Warning: Reference `A2' on page 39 undefined on input line 942.


LaTeX Warning: Reference `A3' on page 39 undefined on input line 942.


LaTeX Warning: Reference `A1' on page 39 undefined on input line 943.


LaTeX Warning: Reference `A2' on page 39 undefined on input line 954.


LaTeX Warning: Reference `A3' on page 39 undefined on input line 959.


LaTeX Warning: Reference `unbias' on page 39 undefined on input line 959.


LaTeX Warning: Reference `efficient' on page 39 undefined on input line 959.


LaTeX Warning: Reference `N_conditions' on page 39 undefined on input line 959.


[39]

LaTeX Warning: Reference `unbias' on page 40 undefined on input line 961.


LaTeX Warning: Reference `efficient' on page 40 undefined on input line 961.


LaTeX Warning: Reference `logbias' on page 40 undefined on input line 968.


LaTeX Warning: Reference `appendix_data' on page 40 undefined on input line 970
.


LaTeX Warning: Reference `uniform_kcompare_table' on page 40 undefined on input
 line 997.

[40] [41]

LaTeX Warning: Reference `uniform_kcompare_table' on page 42 undefined on input
 line 1001.


LaTeX Warning: Reference `logbias' on page 42 undefined on input line 1003.


LaTeX Warning: Reference `Uniform_graphs26' on page 42 undefined on input line 
1003.


LaTeX Warning: Reference `Uniform_graphs711' on page 42 undefined on input line
 1003.


LaTeX Warning: Reference `normal_graphs16' on page 42 undefined on input line 1
003.


LaTeX Warning: Reference `normal_graph711' on page 42 undefined on input line 1
003.

<./Graphs/Best/Uniform_k=2.png, id=187, 455.45157pt x 268.75406pt>
File: ./Graphs/Best/Uniform_k=2.png Graphic file (type png)

<use ./Graphs/Best/Uniform_k=2.png>
Package pdftex.def Info: ./Graphs/Best/Uniform_k=2.png used on input line 1017.

(pdftex.def)             Requested size: 260.17464pt x 153.52766pt.

<./Graphs/Best/Uniform_k=3.png, id=188, 455.45157pt x 268.75406pt>
File: ./Graphs/Best/Uniform_k=3.png Graphic file (type png)

<use ./Graphs/Best/Uniform_k=3.png>
Package pdftex.def Info: ./Graphs/Best/Uniform_k=3.png used on input line 1017.

(pdftex.def)             Requested size: 260.17464pt x 153.52766pt.

<./Graphs/Best/Uniform_k=4.png, id=189, 455.45157pt x 268.75406pt>
File: ./Graphs/Best/Uniform_k=4.png Graphic file (type png)

<use ./Graphs/Best/Uniform_k=4.png>
Package pdftex.def Info: ./Graphs/Best/Uniform_k=4.png used on input line 1028.

(pdftex.def)             Requested size: 260.17464pt x 153.52766pt.

<./Graphs/Best/Uniform_k=5.png, id=190, 455.45157pt x 268.75406pt>
File: ./Graphs/Best/Uniform_k=5.png Graphic file (type png)

<use ./Graphs/Best/Uniform_k=5.png>
Package pdftex.def Info: ./Graphs/Best/Uniform_k=5.png used on input line 1028.

(pdftex.def)             Requested size: 260.17464pt x 153.52766pt.

<./Graphs/Best/Uniform_k=6.png, id=191, 455.45157pt x 268.75406pt>
File: ./Graphs/Best/Uniform_k=6.png Graphic file (type png)

<use ./Graphs/Best/Uniform_k=6.png>
Package pdftex.def Info: ./Graphs/Best/Uniform_k=6.png used on input line 1034.

(pdftex.def)             Requested size: 260.17464pt x 153.52766pt.

<./Graphs/Best/Uniform_k=7.png, id=192, 455.45157pt x 268.75406pt>
File: ./Graphs/Best/Uniform_k=7.png Graphic file (type png)

<use ./Graphs/Best/Uniform_k=7.png>
Package pdftex.def Info: ./Graphs/Best/Uniform_k=7.png used on input line 1051.

(pdftex.def)             Requested size: 260.17464pt x 153.52766pt.

<./Graphs/Best/Uniform_k=8.png, id=193, 455.45157pt x 268.75406pt>
File: ./Graphs/Best/Uniform_k=8.png Graphic file (type png)

<use ./Graphs/Best/Uniform_k=8.png>
Package pdftex.def Info: ./Graphs/Best/Uniform_k=8.png used on input line 1051.

(pdftex.def)             Requested size: 260.17464pt x 153.52766pt.

<./Graphs/Best/Uniform_k=9.png, id=194, 455.45157pt x 268.75406pt>
File: ./Graphs/Best/Uniform_k=9.png Graphic file (type png)

<use ./Graphs/Best/Uniform_k=9.png>
Package pdftex.def Info: ./Graphs/Best/Uniform_k=9.png used on input line 1062.

(pdftex.def)             Requested size: 260.17464pt x 153.52766pt.

<./Graphs/Best/Uniform_k=10.png, id=195, 455.45157pt x 268.75406pt>
File: ./Graphs/Best/Uniform_k=10.png Graphic file (type png)

<use ./Graphs/Best/Uniform_k=10.png>
Package pdftex.def Info: ./Graphs/Best/Uniform_k=10.png used on input line 1062
.
(pdftex.def)             Requested size: 260.17464pt x 153.52766pt.

<./Graphs/Best/Uniform_k=11.png, id=196, 455.45157pt x 268.75406pt>
File: ./Graphs/Best/Uniform_k=11.png Graphic file (type png)

<use ./Graphs/Best/Uniform_k=11.png>
Package pdftex.def Info: ./Graphs/Best/Uniform_k=11.png used on input line 1068
.
(pdftex.def)             Requested size: 260.17464pt x 153.52766pt.


LaTeX Warning: Reference `uniform_rsq' on page 42 undefined on input line 1072.


[42] [43 <C:/Users/Gemma/Documents/Entropy-Estimators/WriteUp/Graphs/Best/Unifo
rm_k=2.png> <C:/Users/Gemma/Documents/Entropy-Estimators/WriteUp/Graphs/Best/Un
iform_k=3.png> <C:/Users/Gemma/Documents/Entropy-Estimators/WriteUp/Graphs/Best
/Uniform_k=4.png> <C:/Users/Gemma/Documents/Entropy-Estimators/WriteUp/Graphs/B
est/Uniform_k=5.png> <C:/Users/Gemma/Documents/Entropy-Estimators/WriteUp/Graph
s/Best/Uniform_k=6.png>] [44 <C:/Users/Gemma/Documents/Entropy-Estimators/Write
Up/Graphs/Best/Uniform_k=7.png> <C:/Users/Gemma/Documents/Entropy-Estimators/Wr
iteUp/Graphs/Best/Uniform_k=8.png> <C:/Users/Gemma/Documents/Entropy-Estimators
/WriteUp/Graphs/Best/Uniform_k=9.png> <C:/Users/Gemma/Documents/Entropy-Estimat
ors/WriteUp/Graphs/Best/Uniform_k=10.png> <C:/Users/Gemma/Documents/Entropy-Est
imators/WriteUp/Graphs/Best/Uniform_k=11.png>] [45]

LaTeX Warning: Reference `uniform_a_c_compare_table' on page 46 undefined on in
put line 1101.


LaTeX Warning: Reference `bias' on page 46 undefined on input line 1104.


LaTeX Warning: Reference `bias' on page 46 undefined on input line 1104.

[46]

LaTeX Warning: Reference `fixedkbias' on page 47 undefined on input line 1128.


LaTeX Warning: Reference `dependentkbias' on page 47 undefined on input line 11
28.


LaTeX Warning: Reference `uniform_dependentk' on page 47 undefined on input lin
e 1128.

<./Graphs/Best/UniformcVk.png, id=223, 455.45157pt x 268.75406pt>
File: ./Graphs/Best/UniformcVk.png Graphic file (type png)

<use ./Graphs/Best/UniformcVk.png>
Package pdftex.def Info: ./Graphs/Best/UniformcVk.png used on input line 1167.
(pdftex.def)             Requested size: 260.17464pt x 153.52766pt.

<./Graphs/Best/UniformcVk2.png, id=224, 455.45157pt x 268.75406pt>
File: ./Graphs/Best/UniformcVk2.png Graphic file (type png)

<use ./Graphs/Best/UniformcVk2.png>
Package pdftex.def Info: ./Graphs/Best/UniformcVk2.png used on input line 1167.

(pdftex.def)             Requested size: 260.17464pt x 153.52766pt.


LaTeX Warning: Reference `c_k_uniform' on page 47 undefined on input line 1171.



LaTeX Warning: Reference `c_k_normal' on page 47 undefined on input line 1171.


LaTeX Warning: Reference `dependentkbias' on page 47 undefined on input line 11
71.

[47]

LaTeX Warning: Reference `normal_comparison_graph' on page 48 undefined on inpu
t line 1173.

<./Graphs/Best/UniformComparison.png, id=228, 455.45157pt x 268.75406pt>
File: ./Graphs/Best/UniformComparison.png Graphic file (type png)

<use ./Graphs/Best/UniformComparison.png>
Package pdftex.def Info: ./Graphs/Best/UniformComparison.png used on input line
 1177.
(pdftex.def)             Requested size: 390.25534pt x 230.28741pt.


LaTeX Warning: Reference `uniform_comparison_graph_zoom' on page 48 undefined o
n input line 1183.

<./Graphs/Best/UniformComparisonZoom.png, id=229, 455.45157pt x 268.75406pt>
File: ./Graphs/Best/UniformComparisonZoom.png Graphic file (type png)

<use ./Graphs/Best/UniformComparisonZoom.png>
Package pdftex.def Info: ./Graphs/Best/UniformComparisonZoom.png used on input 
line 1187.
(pdftex.def)             Requested size: 390.25534pt x 230.28741pt.


LaTeX Warning: Reference `uniform_comparison_graph' on page 48 undefined on inp
ut line 1189.


LaTeX Warning: Reference `uniform_comparison_graph' on page 48 undefined on inp
ut line 1189.


LaTeX Warning: Reference `ShaEnt' on page 48 undefined on input line 1205.

[48 <C:/Users/Gemma/Documents/Entropy-Estimators/WriteUp/Graphs/Best/UniformcVk
.png> <C:/Users/Gemma/Documents/Entropy-Estimators/WriteUp/Graphs/Best/Uniformc
Vk2.png>] [49 <C:/Users/Gemma/Documents/Entropy-Estimators/WriteUp/Graphs/Best/
UniformComparison.png> <C:/Users/Gemma/Documents/Entropy-Estimators/WriteUp/Gra
phs/Best/UniformComparisonZoom.png>]

LaTeX Warning: Reference `KLest_d=1' on page 50 undefined on input line 1225.

[50]

LaTeX Warning: Reference `unbias' on page 51 undefined on input line 1236.


LaTeX Warning: Reference `efficient' on page 51 undefined on input line 1236.


LaTeX Warning: Reference `A1' on page 51 undefined on input line 1236.


LaTeX Warning: Reference `A2' on page 51 undefined on input line 1236.


LaTeX Warning: Reference `A3' on page 51 undefined on input line 1236.


LaTeX Warning: Reference `A1' on page 51 undefined on input line 1238.


LaTeX Warning: Reference `unbias' on page 51 undefined on input line 1252.


LaTeX Warning: Reference `efficient' on page 51 undefined on input line 1252.

[51]

LaTeX Warning: Reference `A2' on page 52 undefined on input line 1259.


LaTeX Warning: Reference `A2' on page 52 undefined on input line 1263.


LaTeX Warning: Reference `A3' on page 52 undefined on input line 1273.


LaTeX Warning: Reference `unbias' on page 52 undefined on input line 1273.


LaTeX Warning: Reference `efficient' on page 52 undefined on input line 1273.


LaTeX Warning: Reference `N_conditions' on page 52 undefined on input line 1273
.


LaTeX Warning: Reference `unbias' on page 52 undefined on input line 1275.


LaTeX Warning: Reference `efficient' on page 52 undefined on input line 1275.

[52]

LaTeX Warning: Reference `appendix_data' on page 53 undefined on input line 128
3.

! Missing $ inserted.
<inserted text> 
                $
l.1284 
       
? E
 
Here is how much of TeX's memory you used:
 17530 strings out of 493334
 329253 string characters out of 3139251
 388090 words of memory out of 3000000
 20680 multiletter control sequences out of 15000+200000
 16671 words of font info for 63 fonts, out of 3000000 for 9000
 1141 hyphenation exceptions out of 8191
 61i,18n,82p,1250b,605s stack positions out of 5000i,500n,10000p,200000b,50000s
<C:/Program Files/MiKTeX 2.9/fonts/type1/public/amsfonts/cm/cmbx12.pfb><C:/Prog
ram Files/MiKTeX 2.9/fonts/type1/public/amsfonts/cm/cmcsc10.pfb><C:/Program Fil
es/MiKTeX 2.9/fonts/type1/public/amsfonts/cm/cmex10.pfb><C:/Program Files/MiKTe
X 2.9/fonts/type1/public/amsfonts/cm/cmmi10.pfb><C:/Program Files/MiKTeX 2.9/fo
nts/type1/public/amsfonts/cm/cmmi12.pfb><C:/Program Files/MiKTeX 2.9/fonts/type
1/public/amsfonts/cm/cmmi6.pfb><C:/Program Files/MiKTeX 2.9/fonts/type1/public/
amsfonts/cm/cmmi8.pfb><C:/Program Files/MiKTeX 2.9/fonts/type1/public/amsfonts/
cm/cmr10.pfb><C:/Program Files/MiKTeX 2.9/fonts/type1/public/amsfonts/cm/cmr12.
pfb><C:/Program Files/MiKTeX 2.9/fonts/type1/public/amsfonts/cm/cmr6.pfb><C:/Pr
ogram Files/MiKTeX 2.9/fonts/type1/public/amsfonts/cm/cmr8.pfb><C:/Program File
s/MiKTeX 2.9/fonts/type1/public/amsfonts/cm/cmsy10.pfb><C:/Program Files/MiKTeX
 2.9/fonts/type1/public/amsfonts/cm/cmsy6.pfb><C:/Program Files/MiKTeX 2.9/font
s/type1/public/amsfonts/cm/cmsy8.pfb><C:/Program Files/MiKTeX 2.9/fonts/type1/p
ublic/amsfonts/cm/cmti10.pfb><C:/Program Files/MiKTeX 2.9/fonts/type1/public/am
sfonts/cm/cmti12.pfb><C:/Program Files/MiKTeX 2.9/fonts/type1/public/amsfonts/c
m/cmtt12.pfb><C:/Program Files/MiKTeX 2.9/fonts/type1/public/amsfonts/symbols/m
sbm10.pfb>
Output written on KarinaMarks-Project.pdf (53 pages, 522198 bytes).
PDF statistics:
 308 PDF objects out of 1000 (max. 8388607)
 0 named destinations out of 1000 (max. 500000)
 151 words of extra memory for PDF output out of 10000 (max. 10000000)

